2025-12-10 08:20:11,099 - httpx - INFO - HTTP Request: POST https://api.telegram.org/bot8544339435:AAGXINX6kmVW6maPPiyoN9EXeuPQT2vmWM8/getMe "HTTP/1.1 200 OK"
2025-12-10 08:20:11,354 - httpx - INFO - HTTP Request: POST https://api.telegram.org/bot8544339435:AAGXINX6kmVW6maPPiyoN9EXeuPQT2vmWM8/deleteWebhook "HTTP/1.1 200 OK"
2025-12-10 08:20:11,358 - telegram.ext.Application - INFO - Application started
2025-12-10 08:20:12,087 - httpx - INFO - HTTP Request: POST https://api.telegram.org/bot8544339435:AAGXINX6kmVW6maPPiyoN9EXeuPQT2vmWM8/getUpdates "HTTP/1.1 200 OK"
2025-12-10 08:20:12,477 - httpx - INFO - HTTP Request: POST https://api.telegram.org/bot8544339435:AAGXINX6kmVW6maPPiyoN9EXeuPQT2vmWM8/sendMessage "HTTP/1.1 200 OK"
2025-12-10 08:20:22,331 - httpx - INFO - HTTP Request: POST https://api.telegram.org/bot8544339435:AAGXINX6kmVW6maPPiyoN9EXeuPQT2vmWM8/getUpdates "HTTP/1.1 200 OK"
2025-12-10 08:20:32,588 - httpx - INFO - HTTP Request: POST https://api.telegram.org/bot8544339435:AAGXINX6kmVW6maPPiyoN9EXeuPQT2vmWM8/getUpdates "HTTP/1.1 200 OK"
2025-12-10 08:20:42,839 - httpx - INFO - HTTP Request: POST https://api.telegram.org/bot8544339435:AAGXINX6kmVW6maPPiyoN9EXeuPQT2vmWM8/getUpdates "HTTP/1.1 200 OK"
2025-12-10 08:20:53,085 - httpx - INFO - HTTP Request: POST https://api.telegram.org/bot8544339435:AAGXINX6kmVW6maPPiyoN9EXeuPQT2vmWM8/getUpdates "HTTP/1.1 200 OK"
2025-12-10 08:20:54,717 - httpx - INFO - HTTP Request: POST https://api.telegram.org/bot8544339435:AAGXINX6kmVW6maPPiyoN9EXeuPQT2vmWM8/getUpdates "HTTP/1.1 200 OK"
2025-12-10 08:20:55,624 - httpx - INFO - HTTP Request: POST https://api.telegram.org/bot8544339435:AAGXINX6kmVW6maPPiyoN9EXeuPQT2vmWM8/getFile "HTTP/1.1 200 OK"
2025-12-10 08:20:55,993 - httpx - INFO - HTTP Request: POST https://api.telegram.org/bot8544339435:AAGXINX6kmVW6maPPiyoN9EXeuPQT2vmWM8/sendMessage "HTTP/1.1 200 OK"
2025-12-10 08:20:56,725 - httpx - INFO - HTTP Request: GET https://api.telegram.org/file/bot8544339435%3AAAGXINX6kmVW6maPPiyoN9EXeuPQT2vmWM8/photos/file_10.jpg "HTTP/1.1 200 OK"
2025-12-10 08:20:58,932 - httpx - INFO - HTTP Request: POST https://api.telegram.org/bot8544339435:AAGXINX6kmVW6maPPiyoN9EXeuPQT2vmWM8/deleteMessage "HTTP/1.1 200 OK"
2025-12-10 08:20:59,322 - httpx - INFO - HTTP Request: POST https://api.telegram.org/bot8544339435:AAGXINX6kmVW6maPPiyoN9EXeuPQT2vmWM8/sendMessage "HTTP/1.1 200 OK"
2025-12-10 08:21:05,030 - httpx - INFO - HTTP Request: POST https://api.telegram.org/bot8544339435:AAGXINX6kmVW6maPPiyoN9EXeuPQT2vmWM8/getUpdates "HTTP/1.1 200 OK"
2025-12-10 08:21:15,311 - httpx - INFO - HTTP Request: POST https://api.telegram.org/bot8544339435:AAGXINX6kmVW6maPPiyoN9EXeuPQT2vmWM8/getUpdates "HTTP/1.1 200 OK"
2025-12-10 08:21:24,207 - httpx - INFO - HTTP Request: POST https://api.telegram.org/bot8544339435:AAGXINX6kmVW6maPPiyoN9EXeuPQT2vmWM8/getUpdates "HTTP/1.1 200 OK"
2025-12-10 08:21:26,034 - httpx - INFO - HTTP Request: POST https://api.telegram.org/bot8544339435:AAGXINX6kmVW6maPPiyoN9EXeuPQT2vmWM8/getFile "HTTP/1.1 200 OK"
2025-12-10 08:21:26,530 - httpx - INFO - HTTP Request: POST https://api.telegram.org/bot8544339435:AAGXINX6kmVW6maPPiyoN9EXeuPQT2vmWM8/sendMessage "HTTP/1.1 200 OK"
2025-12-10 08:21:27,500 - httpx - INFO - HTTP Request: GET https://api.telegram.org/file/bot8544339435%3AAAGXINX6kmVW6maPPiyoN9EXeuPQT2vmWM8/documents/file_13.pdf "HTTP/1.1 200 OK"
2025-12-10 08:21:33,143 - httpx - INFO - HTTP Request: POST https://api.telegram.org/bot8544339435:AAGXINX6kmVW6maPPiyoN9EXeuPQT2vmWM8/deleteMessage "HTTP/1.1 200 OK"
2025-12-10 08:21:33,640 - httpx - INFO - HTTP Request: POST https://api.telegram.org/bot8544339435:AAGXINX6kmVW6maPPiyoN9EXeuPQT2vmWM8/sendMessage "HTTP/1.1 200 OK"
2025-12-10 08:21:34,531 - httpx - INFO - HTTP Request: POST https://api.telegram.org/bot8544339435:AAGXINX6kmVW6maPPiyoN9EXeuPQT2vmWM8/getUpdates "HTTP/1.1 200 OK"
2025-12-10 08:21:44,792 - httpx - INFO - HTTP Request: POST https://api.telegram.org/bot8544339435:AAGXINX6kmVW6maPPiyoN9EXeuPQT2vmWM8/getUpdates "HTTP/1.1 200 OK"
2025-12-10 08:21:55,056 - httpx - INFO - HTTP Request: POST https://api.telegram.org/bot8544339435:AAGXINX6kmVW6maPPiyoN9EXeuPQT2vmWM8/getUpdates "HTTP/1.1 200 OK"
2025-12-10 08:22:05,314 - httpx - INFO - HTTP Request: POST https://api.telegram.org/bot8544339435:AAGXINX6kmVW6maPPiyoN9EXeuPQT2vmWM8/getUpdates "HTTP/1.1 200 OK"
2025-12-10 08:22:15,565 - httpx - INFO - HTTP Request: POST https://api.telegram.org/bot8544339435:AAGXINX6kmVW6maPPiyoN9EXeuPQT2vmWM8/getUpdates "HTTP/1.1 200 OK"
2025-12-10 08:22:25,817 - httpx - INFO - HTTP Request: POST https://api.telegram.org/bot8544339435:AAGXINX6kmVW6maPPiyoN9EXeuPQT2vmWM8/getUpdates "HTTP/1.1 200 OK"
2025-12-10 08:22:36,073 - httpx - INFO - HTTP Request: POST https://api.telegram.org/bot8544339435:AAGXINX6kmVW6maPPiyoN9EXeuPQT2vmWM8/getUpdates "HTTP/1.1 200 OK"
2025-12-10 08:22:46,316 - httpx - INFO - HTTP Request: POST https://api.telegram.org/bot8544339435:AAGXINX6kmVW6maPPiyoN9EXeuPQT2vmWM8/getUpdates "HTTP/1.1 200 OK"
2025-12-10 08:22:56,567 - httpx - INFO - HTTP Request: POST https://api.telegram.org/bot8544339435:AAGXINX6kmVW6maPPiyoN9EXeuPQT2vmWM8/getUpdates "HTTP/1.1 200 OK"
2025-12-10 08:23:06,823 - httpx - INFO - HTTP Request: POST https://api.telegram.org/bot8544339435:AAGXINX6kmVW6maPPiyoN9EXeuPQT2vmWM8/getUpdates "HTTP/1.1 200 OK"
2025-12-10 08:23:17,068 - httpx - INFO - HTTP Request: POST https://api.telegram.org/bot8544339435:AAGXINX6kmVW6maPPiyoN9EXeuPQT2vmWM8/getUpdates "HTTP/1.1 200 OK"
2025-12-10 08:23:27,314 - httpx - INFO - HTTP Request: POST https://api.telegram.org/bot8544339435:AAGXINX6kmVW6maPPiyoN9EXeuPQT2vmWM8/getUpdates "HTTP/1.1 200 OK"
2025-12-10 08:23:37,570 - httpx - INFO - HTTP Request: POST https://api.telegram.org/bot8544339435:AAGXINX6kmVW6maPPiyoN9EXeuPQT2vmWM8/getUpdates "HTTP/1.1 200 OK"
2025-12-10 08:23:47,818 - httpx - INFO - HTTP Request: POST https://api.telegram.org/bot8544339435:AAGXINX6kmVW6maPPiyoN9EXeuPQT2vmWM8/getUpdates "HTTP/1.1 200 OK"
2025-12-10 08:23:58,062 - httpx - INFO - HTTP Request: POST https://api.telegram.org/bot8544339435:AAGXINX6kmVW6maPPiyoN9EXeuPQT2vmWM8/getUpdates "HTTP/1.1 200 OK"
2025-12-10 08:24:08,307 - httpx - INFO - HTTP Request: POST https://api.telegram.org/bot8544339435:AAGXINX6kmVW6maPPiyoN9EXeuPQT2vmWM8/getUpdates "HTTP/1.1 200 OK"
2025-12-10 08:24:18,558 - httpx - INFO - HTTP Request: POST https://api.telegram.org/bot8544339435:AAGXINX6kmVW6maPPiyoN9EXeuPQT2vmWM8/getUpdates "HTTP/1.1 200 OK"
2025-12-10 08:24:28,810 - httpx - INFO - HTTP Request: POST https://api.telegram.org/bot8544339435:AAGXINX6kmVW6maPPiyoN9EXeuPQT2vmWM8/getUpdates "HTTP/1.1 200 OK"
2025-12-10 08:24:39,056 - httpx - INFO - HTTP Request: POST https://api.telegram.org/bot8544339435:AAGXINX6kmVW6maPPiyoN9EXeuPQT2vmWM8/getUpdates "HTTP/1.1 200 OK"
2025-12-10 08:24:49,308 - httpx - INFO - HTTP Request: POST https://api.telegram.org/bot8544339435:AAGXINX6kmVW6maPPiyoN9EXeuPQT2vmWM8/getUpdates "HTTP/1.1 200 OK"
2025-12-10 08:24:59,572 - httpx - INFO - HTTP Request: POST https://api.telegram.org/bot8544339435:AAGXINX6kmVW6maPPiyoN9EXeuPQT2vmWM8/getUpdates "HTTP/1.1 200 OK"
2025-12-10 08:25:09,860 - httpx - INFO - HTTP Request: POST https://api.telegram.org/bot8544339435:AAGXINX6kmVW6maPPiyoN9EXeuPQT2vmWM8/getUpdates "HTTP/1.1 200 OK"
2025-12-10 08:25:20,118 - httpx - INFO - HTTP Request: POST https://api.telegram.org/bot8544339435:AAGXINX6kmVW6maPPiyoN9EXeuPQT2vmWM8/getUpdates "HTTP/1.1 200 OK"
2025-12-10 08:25:30,374 - httpx - INFO - HTTP Request: POST https://api.telegram.org/bot8544339435:AAGXINX6kmVW6maPPiyoN9EXeuPQT2vmWM8/getUpdates "HTTP/1.1 200 OK"
2025-12-10 08:25:40,635 - httpx - INFO - HTTP Request: POST https://api.telegram.org/bot8544339435:AAGXINX6kmVW6maPPiyoN9EXeuPQT2vmWM8/getUpdates "HTTP/1.1 200 OK"
2025-12-10 08:25:50,904 - httpx - INFO - HTTP Request: POST https://api.telegram.org/bot8544339435:AAGXINX6kmVW6maPPiyoN9EXeuPQT2vmWM8/getUpdates "HTTP/1.1 200 OK"
2025-12-10 08:26:01,162 - httpx - INFO - HTTP Request: POST https://api.telegram.org/bot8544339435:AAGXINX6kmVW6maPPiyoN9EXeuPQT2vmWM8/getUpdates "HTTP/1.1 200 OK"
2025-12-10 08:26:11,412 - httpx - INFO - HTTP Request: POST https://api.telegram.org/bot8544339435:AAGXINX6kmVW6maPPiyoN9EXeuPQT2vmWM8/getUpdates "HTTP/1.1 200 OK"
2025-12-10 08:26:21,657 - httpx - INFO - HTTP Request: POST https://api.telegram.org/bot8544339435:AAGXINX6kmVW6maPPiyoN9EXeuPQT2vmWM8/getUpdates "HTTP/1.1 200 OK"
2025-12-10 08:26:31,911 - httpx - INFO - HTTP Request: POST https://api.telegram.org/bot8544339435:AAGXINX6kmVW6maPPiyoN9EXeuPQT2vmWM8/getUpdates "HTTP/1.1 200 OK"
2025-12-10 08:26:42,179 - httpx - INFO - HTTP Request: POST https://api.telegram.org/bot8544339435:AAGXINX6kmVW6maPPiyoN9EXeuPQT2vmWM8/getUpdates "HTTP/1.1 200 OK"
2025-12-10 08:26:52,410 - httpx - INFO - HTTP Request: POST https://api.telegram.org/bot8544339435:AAGXINX6kmVW6maPPiyoN9EXeuPQT2vmWM8/getUpdates "HTTP/1.1 200 OK"
2025-12-10 08:27:02,670 - httpx - INFO - HTTP Request: POST https://api.telegram.org/bot8544339435:AAGXINX6kmVW6maPPiyoN9EXeuPQT2vmWM8/getUpdates "HTTP/1.1 200 OK"
2025-12-10 08:27:12,915 - httpx - INFO - HTTP Request: POST https://api.telegram.org/bot8544339435:AAGXINX6kmVW6maPPiyoN9EXeuPQT2vmWM8/getUpdates "HTTP/1.1 200 OK"
2025-12-10 08:27:23,187 - httpx - INFO - HTTP Request: POST https://api.telegram.org/bot8544339435:AAGXINX6kmVW6maPPiyoN9EXeuPQT2vmWM8/getUpdates "HTTP/1.1 200 OK"
2025-12-10 08:27:33,457 - httpx - INFO - HTTP Request: POST https://api.telegram.org/bot8544339435:AAGXINX6kmVW6maPPiyoN9EXeuPQT2vmWM8/getUpdates "HTTP/1.1 200 OK"
2025-12-10 08:27:43,713 - httpx - INFO - HTTP Request: POST https://api.telegram.org/bot8544339435:AAGXINX6kmVW6maPPiyoN9EXeuPQT2vmWM8/getUpdates "HTTP/1.1 200 OK"
2025-12-10 08:27:53,946 - httpx - INFO - HTTP Request: POST https://api.telegram.org/bot8544339435:AAGXINX6kmVW6maPPiyoN9EXeuPQT2vmWM8/getUpdates "HTTP/1.1 200 OK"
2025-12-10 08:28:04,197 - httpx - INFO - HTTP Request: POST https://api.telegram.org/bot8544339435:AAGXINX6kmVW6maPPiyoN9EXeuPQT2vmWM8/getUpdates "HTTP/1.1 200 OK"
2025-12-10 08:28:14,451 - httpx - INFO - HTTP Request: POST https://api.telegram.org/bot8544339435:AAGXINX6kmVW6maPPiyoN9EXeuPQT2vmWM8/getUpdates "HTTP/1.1 200 OK"
2025-12-10 08:28:24,726 - httpx - INFO - HTTP Request: POST https://api.telegram.org/bot8544339435:AAGXINX6kmVW6maPPiyoN9EXeuPQT2vmWM8/getUpdates "HTTP/1.1 200 OK"
2025-12-10 08:28:34,975 - httpx - INFO - HTTP Request: POST https://api.telegram.org/bot8544339435:AAGXINX6kmVW6maPPiyoN9EXeuPQT2vmWM8/getUpdates "HTTP/1.1 200 OK"
2025-12-10 08:28:45,229 - httpx - INFO - HTTP Request: POST https://api.telegram.org/bot8544339435:AAGXINX6kmVW6maPPiyoN9EXeuPQT2vmWM8/getUpdates "HTTP/1.1 200 OK"
2025-12-10 08:28:55,473 - httpx - INFO - HTTP Request: POST https://api.telegram.org/bot8544339435:AAGXINX6kmVW6maPPiyoN9EXeuPQT2vmWM8/getUpdates "HTTP/1.1 200 OK"
2025-12-10 08:29:05,725 - httpx - INFO - HTTP Request: POST https://api.telegram.org/bot8544339435:AAGXINX6kmVW6maPPiyoN9EXeuPQT2vmWM8/getUpdates "HTTP/1.1 200 OK"
2025-12-10 08:29:15,962 - httpx - INFO - HTTP Request: POST https://api.telegram.org/bot8544339435:AAGXINX6kmVW6maPPiyoN9EXeuPQT2vmWM8/getUpdates "HTTP/1.1 200 OK"
2025-12-10 08:29:26,213 - httpx - INFO - HTTP Request: POST https://api.telegram.org/bot8544339435:AAGXINX6kmVW6maPPiyoN9EXeuPQT2vmWM8/getUpdates "HTTP/1.1 200 OK"
2025-12-10 08:29:36,456 - httpx - INFO - HTTP Request: POST https://api.telegram.org/bot8544339435:AAGXINX6kmVW6maPPiyoN9EXeuPQT2vmWM8/getUpdates "HTTP/1.1 200 OK"
2025-12-10 08:29:46,794 - httpx - INFO - HTTP Request: POST https://api.telegram.org/bot8544339435:AAGXINX6kmVW6maPPiyoN9EXeuPQT2vmWM8/getUpdates "HTTP/1.1 200 OK"
2025-12-10 08:29:57,052 - httpx - INFO - HTTP Request: POST https://api.telegram.org/bot8544339435:AAGXINX6kmVW6maPPiyoN9EXeuPQT2vmWM8/getUpdates "HTTP/1.1 200 OK"
2025-12-10 08:30:07,353 - httpx - INFO - HTTP Request: POST https://api.telegram.org/bot8544339435:AAGXINX6kmVW6maPPiyoN9EXeuPQT2vmWM8/getUpdates "HTTP/1.1 200 OK"
2025-12-10 08:30:17,618 - httpx - INFO - HTTP Request: POST https://api.telegram.org/bot8544339435:AAGXINX6kmVW6maPPiyoN9EXeuPQT2vmWM8/getUpdates "HTTP/1.1 200 OK"
2025-12-10 08:30:27,882 - httpx - INFO - HTTP Request: POST https://api.telegram.org/bot8544339435:AAGXINX6kmVW6maPPiyoN9EXeuPQT2vmWM8/getUpdates "HTTP/1.1 200 OK"
2025-12-10 08:30:38,178 - httpx - INFO - HTTP Request: POST https://api.telegram.org/bot8544339435:AAGXINX6kmVW6maPPiyoN9EXeuPQT2vmWM8/getUpdates "HTTP/1.1 200 OK"
2025-12-10 08:30:48,574 - httpx - INFO - HTTP Request: POST https://api.telegram.org/bot8544339435:AAGXINX6kmVW6maPPiyoN9EXeuPQT2vmWM8/getUpdates "HTTP/1.1 200 OK"
2025-12-10 08:30:58,838 - httpx - INFO - HTTP Request: POST https://api.telegram.org/bot8544339435:AAGXINX6kmVW6maPPiyoN9EXeuPQT2vmWM8/getUpdates "HTTP/1.1 200 OK"
2025-12-10 08:31:09,610 - httpx - INFO - HTTP Request: POST https://api.telegram.org/bot8544339435:AAGXINX6kmVW6maPPiyoN9EXeuPQT2vmWM8/getUpdates "HTTP/1.1 200 OK"
2025-12-10 08:31:19,881 - httpx - INFO - HTTP Request: POST https://api.telegram.org/bot8544339435:AAGXINX6kmVW6maPPiyoN9EXeuPQT2vmWM8/getUpdates "HTTP/1.1 200 OK"
2025-12-10 08:31:30,141 - httpx - INFO - HTTP Request: POST https://api.telegram.org/bot8544339435:AAGXINX6kmVW6maPPiyoN9EXeuPQT2vmWM8/getUpdates "HTTP/1.1 200 OK"
2025-12-10 08:31:40,390 - httpx - INFO - HTTP Request: POST https://api.telegram.org/bot8544339435:AAGXINX6kmVW6maPPiyoN9EXeuPQT2vmWM8/getUpdates "HTTP/1.1 200 OK"
2025-12-10 08:31:50,645 - httpx - INFO - HTTP Request: POST https://api.telegram.org/bot8544339435:AAGXINX6kmVW6maPPiyoN9EXeuPQT2vmWM8/getUpdates "HTTP/1.1 200 OK"
2025-12-10 08:32:01,000 - httpx - INFO - HTTP Request: POST https://api.telegram.org/bot8544339435:AAGXINX6kmVW6maPPiyoN9EXeuPQT2vmWM8/getUpdates "HTTP/1.1 200 OK"
2025-12-10 08:32:11,261 - httpx - INFO - HTTP Request: POST https://api.telegram.org/bot8544339435:AAGXINX6kmVW6maPPiyoN9EXeuPQT2vmWM8/getUpdates "HTTP/1.1 200 OK"
2025-12-10 08:32:21,542 - httpx - INFO - HTTP Request: POST https://api.telegram.org/bot8544339435:AAGXINX6kmVW6maPPiyoN9EXeuPQT2vmWM8/getUpdates "HTTP/1.1 200 OK"
2025-12-10 08:32:31,799 - httpx - INFO - HTTP Request: POST https://api.telegram.org/bot8544339435:AAGXINX6kmVW6maPPiyoN9EXeuPQT2vmWM8/getUpdates "HTTP/1.1 200 OK"
2025-12-10 08:32:42,076 - httpx - INFO - HTTP Request: POST https://api.telegram.org/bot8544339435:AAGXINX6kmVW6maPPiyoN9EXeuPQT2vmWM8/getUpdates "HTTP/1.1 200 OK"
2025-12-10 08:32:52,331 - httpx - INFO - HTTP Request: POST https://api.telegram.org/bot8544339435:AAGXINX6kmVW6maPPiyoN9EXeuPQT2vmWM8/getUpdates "HTTP/1.1 200 OK"
2025-12-10 08:33:02,586 - httpx - INFO - HTTP Request: POST https://api.telegram.org/bot8544339435:AAGXINX6kmVW6maPPiyoN9EXeuPQT2vmWM8/getUpdates "HTTP/1.1 200 OK"
2025-12-10 08:33:12,839 - httpx - INFO - HTTP Request: POST https://api.telegram.org/bot8544339435:AAGXINX6kmVW6maPPiyoN9EXeuPQT2vmWM8/getUpdates "HTTP/1.1 200 OK"
2025-12-10 08:33:19,636 - httpx - INFO - HTTP Request: POST https://api.telegram.org/bot8544339435:AAGXINX6kmVW6maPPiyoN9EXeuPQT2vmWM8/getUpdates "HTTP/1.1 200 OK"
2025-12-10 08:33:19,637 - telegram.ext.Application - INFO - Application is stopping. This might take a moment.
2025-12-10 08:33:19,638 - telegram.ext.Application - INFO - Application.stop() complete
2025-12-10 08:34:09,418 - httpx - INFO - HTTP Request: POST https://api.telegram.org/bot8544339435:AAGXINX6kmVW6maPPiyoN9EXeuPQT2vmWM8/getMe "HTTP/1.1 200 OK"
2025-12-10 08:34:09,665 - httpx - INFO - HTTP Request: POST https://api.telegram.org/bot8544339435:AAGXINX6kmVW6maPPiyoN9EXeuPQT2vmWM8/deleteWebhook "HTTP/1.1 200 OK"
2025-12-10 08:34:09,668 - telegram.ext.Application - INFO - Application started
2025-12-10 08:34:18,986 - httpx - INFO - HTTP Request: POST https://api.telegram.org/bot8544339435:AAGXINX6kmVW6maPPiyoN9EXeuPQT2vmWM8/getUpdates "HTTP/1.1 200 OK"
2025-12-10 08:34:19,897 - httpx - INFO - HTTP Request: POST https://api.telegram.org/bot8544339435:AAGXINX6kmVW6maPPiyoN9EXeuPQT2vmWM8/sendMessage "HTTP/1.1 200 OK"
2025-12-10 08:34:29,261 - httpx - INFO - HTTP Request: POST https://api.telegram.org/bot8544339435:AAGXINX6kmVW6maPPiyoN9EXeuPQT2vmWM8/getUpdates "HTTP/1.1 200 OK"
2025-12-10 08:34:39,513 - httpx - INFO - HTTP Request: POST https://api.telegram.org/bot8544339435:AAGXINX6kmVW6maPPiyoN9EXeuPQT2vmWM8/getUpdates "HTTP/1.1 200 OK"
2025-12-10 08:34:44,454 - httpx - INFO - HTTP Request: POST https://api.telegram.org/bot8544339435:AAGXINX6kmVW6maPPiyoN9EXeuPQT2vmWM8/getUpdates "HTTP/1.1 200 OK"
2025-12-10 08:34:45,312 - httpx - INFO - HTTP Request: POST https://api.telegram.org/bot8544339435:AAGXINX6kmVW6maPPiyoN9EXeuPQT2vmWM8/getFile "HTTP/1.1 200 OK"
2025-12-10 08:34:45,690 - httpx - INFO - HTTP Request: POST https://api.telegram.org/bot8544339435:AAGXINX6kmVW6maPPiyoN9EXeuPQT2vmWM8/sendMessage "HTTP/1.1 200 OK"
2025-12-10 08:34:46,439 - httpx - INFO - HTTP Request: GET https://api.telegram.org/file/bot8544339435%3AAAGXINX6kmVW6maPPiyoN9EXeuPQT2vmWM8/photos/file_10.jpg "HTTP/1.1 200 OK"
2025-12-10 08:34:58,622 - httpx - INFO - HTTP Request: POST https://api.telegram.org/bot8544339435:AAGXINX6kmVW6maPPiyoN9EXeuPQT2vmWM8/getUpdates "HTTP/1.1 200 OK"
2025-12-10 08:34:59,570 - httpx - INFO - HTTP Request: POST https://api.telegram.org/bot8544339435:AAGXINX6kmVW6maPPiyoN9EXeuPQT2vmWM8/deleteMessage "HTTP/1.1 200 OK"
2025-12-10 08:34:59,985 - httpx - INFO - HTTP Request: POST https://api.telegram.org/bot8544339435:AAGXINX6kmVW6maPPiyoN9EXeuPQT2vmWM8/sendMessage "HTTP/1.1 200 OK"
2025-12-10 08:35:08,888 - httpx - INFO - HTTP Request: POST https://api.telegram.org/bot8544339435:AAGXINX6kmVW6maPPiyoN9EXeuPQT2vmWM8/getUpdates "HTTP/1.1 200 OK"
2025-12-10 08:35:19,149 - httpx - INFO - HTTP Request: POST https://api.telegram.org/bot8544339435:AAGXINX6kmVW6maPPiyoN9EXeuPQT2vmWM8/getUpdates "HTTP/1.1 200 OK"
2025-12-10 08:35:29,402 - httpx - INFO - HTTP Request: POST https://api.telegram.org/bot8544339435:AAGXINX6kmVW6maPPiyoN9EXeuPQT2vmWM8/getUpdates "HTTP/1.1 200 OK"
2025-12-10 08:35:39,661 - httpx - INFO - HTTP Request: POST https://api.telegram.org/bot8544339435:AAGXINX6kmVW6maPPiyoN9EXeuPQT2vmWM8/getUpdates "HTTP/1.1 200 OK"
2025-12-10 08:35:49,919 - httpx - INFO - HTTP Request: POST https://api.telegram.org/bot8544339435:AAGXINX6kmVW6maPPiyoN9EXeuPQT2vmWM8/getUpdates "HTTP/1.1 200 OK"
2025-12-10 08:36:00,167 - httpx - INFO - HTTP Request: POST https://api.telegram.org/bot8544339435:AAGXINX6kmVW6maPPiyoN9EXeuPQT2vmWM8/getUpdates "HTTP/1.1 200 OK"
2025-12-10 08:36:10,410 - httpx - INFO - HTTP Request: POST https://api.telegram.org/bot8544339435:AAGXINX6kmVW6maPPiyoN9EXeuPQT2vmWM8/getUpdates "HTTP/1.1 200 OK"
2025-12-10 08:36:20,667 - httpx - INFO - HTTP Request: POST https://api.telegram.org/bot8544339435:AAGXINX6kmVW6maPPiyoN9EXeuPQT2vmWM8/getUpdates "HTTP/1.1 200 OK"
2025-12-10 08:36:30,927 - httpx - INFO - HTTP Request: POST https://api.telegram.org/bot8544339435:AAGXINX6kmVW6maPPiyoN9EXeuPQT2vmWM8/getUpdates "HTTP/1.1 200 OK"
2025-12-10 08:36:41,177 - httpx - INFO - HTTP Request: POST https://api.telegram.org/bot8544339435:AAGXINX6kmVW6maPPiyoN9EXeuPQT2vmWM8/getUpdates "HTTP/1.1 200 OK"
2025-12-10 08:36:51,416 - httpx - INFO - HTTP Request: POST https://api.telegram.org/bot8544339435:AAGXINX6kmVW6maPPiyoN9EXeuPQT2vmWM8/getUpdates "HTTP/1.1 200 OK"
2025-12-10 08:37:01,670 - httpx - INFO - HTTP Request: POST https://api.telegram.org/bot8544339435:AAGXINX6kmVW6maPPiyoN9EXeuPQT2vmWM8/getUpdates "HTTP/1.1 200 OK"
2025-12-10 08:37:11,932 - httpx - INFO - HTTP Request: POST https://api.telegram.org/bot8544339435:AAGXINX6kmVW6maPPiyoN9EXeuPQT2vmWM8/getUpdates "HTTP/1.1 200 OK"
2025-12-10 08:37:22,191 - httpx - INFO - HTTP Request: POST https://api.telegram.org/bot8544339435:AAGXINX6kmVW6maPPiyoN9EXeuPQT2vmWM8/getUpdates "HTTP/1.1 200 OK"
2025-12-10 08:37:32,445 - httpx - INFO - HTTP Request: POST https://api.telegram.org/bot8544339435:AAGXINX6kmVW6maPPiyoN9EXeuPQT2vmWM8/getUpdates "HTTP/1.1 200 OK"
2025-12-10 08:37:42,700 - httpx - INFO - HTTP Request: POST https://api.telegram.org/bot8544339435:AAGXINX6kmVW6maPPiyoN9EXeuPQT2vmWM8/getUpdates "HTTP/1.1 200 OK"
2025-12-10 08:37:52,993 - httpx - INFO - HTTP Request: POST https://api.telegram.org/bot8544339435:AAGXINX6kmVW6maPPiyoN9EXeuPQT2vmWM8/getUpdates "HTTP/1.1 200 OK"
2025-12-10 08:38:03,241 - httpx - INFO - HTTP Request: POST https://api.telegram.org/bot8544339435:AAGXINX6kmVW6maPPiyoN9EXeuPQT2vmWM8/getUpdates "HTTP/1.1 200 OK"
2025-12-10 08:38:13,518 - httpx - INFO - HTTP Request: POST https://api.telegram.org/bot8544339435:AAGXINX6kmVW6maPPiyoN9EXeuPQT2vmWM8/getUpdates "HTTP/1.1 200 OK"
2025-12-10 08:38:23,783 - httpx - INFO - HTTP Request: POST https://api.telegram.org/bot8544339435:AAGXINX6kmVW6maPPiyoN9EXeuPQT2vmWM8/getUpdates "HTTP/1.1 200 OK"
2025-12-10 08:38:34,059 - httpx - INFO - HTTP Request: POST https://api.telegram.org/bot8544339435:AAGXINX6kmVW6maPPiyoN9EXeuPQT2vmWM8/getUpdates "HTTP/1.1 200 OK"
2025-12-10 08:38:44,318 - httpx - INFO - HTTP Request: POST https://api.telegram.org/bot8544339435:AAGXINX6kmVW6maPPiyoN9EXeuPQT2vmWM8/getUpdates "HTTP/1.1 200 OK"
2025-12-10 08:38:54,586 - httpx - INFO - HTTP Request: POST https://api.telegram.org/bot8544339435:AAGXINX6kmVW6maPPiyoN9EXeuPQT2vmWM8/getUpdates "HTTP/1.1 200 OK"
2025-12-10 08:39:04,850 - httpx - INFO - HTTP Request: POST https://api.telegram.org/bot8544339435:AAGXINX6kmVW6maPPiyoN9EXeuPQT2vmWM8/getUpdates "HTTP/1.1 200 OK"
2025-12-10 08:39:15,115 - httpx - INFO - HTTP Request: POST https://api.telegram.org/bot8544339435:AAGXINX6kmVW6maPPiyoN9EXeuPQT2vmWM8/getUpdates "HTTP/1.1 200 OK"
2025-12-10 08:39:25,366 - httpx - INFO - HTTP Request: POST https://api.telegram.org/bot8544339435:AAGXINX6kmVW6maPPiyoN9EXeuPQT2vmWM8/getUpdates "HTTP/1.1 200 OK"
2025-12-10 08:39:35,611 - httpx - INFO - HTTP Request: POST https://api.telegram.org/bot8544339435:AAGXINX6kmVW6maPPiyoN9EXeuPQT2vmWM8/getUpdates "HTTP/1.1 200 OK"
2025-12-10 08:39:45,863 - httpx - INFO - HTTP Request: POST https://api.telegram.org/bot8544339435:AAGXINX6kmVW6maPPiyoN9EXeuPQT2vmWM8/getUpdates "HTTP/1.1 200 OK"
2025-12-10 08:39:56,165 - httpx - INFO - HTTP Request: POST https://api.telegram.org/bot8544339435:AAGXINX6kmVW6maPPiyoN9EXeuPQT2vmWM8/getUpdates "HTTP/1.1 200 OK"
2025-12-10 08:40:06,415 - httpx - INFO - HTTP Request: POST https://api.telegram.org/bot8544339435:AAGXINX6kmVW6maPPiyoN9EXeuPQT2vmWM8/getUpdates "HTTP/1.1 200 OK"
2025-12-10 08:40:16,668 - httpx - INFO - HTTP Request: POST https://api.telegram.org/bot8544339435:AAGXINX6kmVW6maPPiyoN9EXeuPQT2vmWM8/getUpdates "HTTP/1.1 200 OK"
2025-12-10 08:40:26,921 - httpx - INFO - HTTP Request: POST https://api.telegram.org/bot8544339435:AAGXINX6kmVW6maPPiyoN9EXeuPQT2vmWM8/getUpdates "HTTP/1.1 200 OK"
2025-12-10 08:40:37,173 - httpx - INFO - HTTP Request: POST https://api.telegram.org/bot8544339435:AAGXINX6kmVW6maPPiyoN9EXeuPQT2vmWM8/getUpdates "HTTP/1.1 200 OK"
2025-12-10 08:40:47,426 - httpx - INFO - HTTP Request: POST https://api.telegram.org/bot8544339435:AAGXINX6kmVW6maPPiyoN9EXeuPQT2vmWM8/getUpdates "HTTP/1.1 200 OK"
2025-12-10 08:40:57,694 - httpx - INFO - HTTP Request: POST https://api.telegram.org/bot8544339435:AAGXINX6kmVW6maPPiyoN9EXeuPQT2vmWM8/getUpdates "HTTP/1.1 200 OK"
2025-12-10 08:41:07,939 - httpx - INFO - HTTP Request: POST https://api.telegram.org/bot8544339435:AAGXINX6kmVW6maPPiyoN9EXeuPQT2vmWM8/getUpdates "HTTP/1.1 200 OK"
2025-12-10 08:41:18,185 - httpx - INFO - HTTP Request: POST https://api.telegram.org/bot8544339435:AAGXINX6kmVW6maPPiyoN9EXeuPQT2vmWM8/getUpdates "HTTP/1.1 200 OK"
2025-12-10 08:41:28,948 - httpx - INFO - HTTP Request: POST https://api.telegram.org/bot8544339435:AAGXINX6kmVW6maPPiyoN9EXeuPQT2vmWM8/getUpdates "HTTP/1.1 200 OK"
2025-12-10 08:41:39,193 - httpx - INFO - HTTP Request: POST https://api.telegram.org/bot8544339435:AAGXINX6kmVW6maPPiyoN9EXeuPQT2vmWM8/getUpdates "HTTP/1.1 200 OK"
2025-12-10 08:41:49,441 - httpx - INFO - HTTP Request: POST https://api.telegram.org/bot8544339435:AAGXINX6kmVW6maPPiyoN9EXeuPQT2vmWM8/getUpdates "HTTP/1.1 200 OK"
2025-12-10 08:41:59,690 - httpx - INFO - HTTP Request: POST https://api.telegram.org/bot8544339435:AAGXINX6kmVW6maPPiyoN9EXeuPQT2vmWM8/getUpdates "HTTP/1.1 200 OK"
2025-12-10 08:42:09,936 - httpx - INFO - HTTP Request: POST https://api.telegram.org/bot8544339435:AAGXINX6kmVW6maPPiyoN9EXeuPQT2vmWM8/getUpdates "HTTP/1.1 200 OK"
2025-12-10 08:42:20,188 - httpx - INFO - HTTP Request: POST https://api.telegram.org/bot8544339435:AAGXINX6kmVW6maPPiyoN9EXeuPQT2vmWM8/getUpdates "HTTP/1.1 200 OK"
2025-12-10 08:42:30,444 - httpx - INFO - HTTP Request: POST https://api.telegram.org/bot8544339435:AAGXINX6kmVW6maPPiyoN9EXeuPQT2vmWM8/getUpdates "HTTP/1.1 200 OK"
2025-12-10 08:42:40,700 - httpx - INFO - HTTP Request: POST https://api.telegram.org/bot8544339435:AAGXINX6kmVW6maPPiyoN9EXeuPQT2vmWM8/getUpdates "HTTP/1.1 200 OK"
2025-12-10 08:42:42,805 - httpx - INFO - HTTP Request: POST https://api.telegram.org/bot8544339435:AAGXINX6kmVW6maPPiyoN9EXeuPQT2vmWM8/getUpdates "HTTP/1.1 200 OK"
2025-12-10 08:42:43,802 - httpx - INFO - HTTP Request: POST https://api.telegram.org/bot8544339435:AAGXINX6kmVW6maPPiyoN9EXeuPQT2vmWM8/sendMessage "HTTP/1.1 200 OK"
2025-12-10 08:42:53,062 - httpx - INFO - HTTP Request: POST https://api.telegram.org/bot8544339435:AAGXINX6kmVW6maPPiyoN9EXeuPQT2vmWM8/getUpdates "HTTP/1.1 200 OK"
2025-12-10 08:43:03,328 - httpx - INFO - HTTP Request: POST https://api.telegram.org/bot8544339435:AAGXINX6kmVW6maPPiyoN9EXeuPQT2vmWM8/getUpdates "HTTP/1.1 200 OK"
2025-12-10 08:43:03,592 - httpx - INFO - HTTP Request: POST https://api.telegram.org/bot8544339435:AAGXINX6kmVW6maPPiyoN9EXeuPQT2vmWM8/getUpdates "HTTP/1.1 200 OK"
2025-12-10 08:43:05,147 - httpx - INFO - HTTP Request: POST https://api.telegram.org/bot8544339435:AAGXINX6kmVW6maPPiyoN9EXeuPQT2vmWM8/getFile "HTTP/1.1 200 OK"
2025-12-10 08:43:05,541 - httpx - INFO - HTTP Request: POST https://api.telegram.org/bot8544339435:AAGXINX6kmVW6maPPiyoN9EXeuPQT2vmWM8/sendMessage "HTTP/1.1 200 OK"
2025-12-10 08:43:06,291 - httpx - INFO - HTTP Request: GET https://api.telegram.org/file/bot8544339435%3AAAGXINX6kmVW6maPPiyoN9EXeuPQT2vmWM8/documents/file_14.pdf "HTTP/1.1 200 OK"
2025-12-10 08:43:15,452 - httpx - INFO - HTTP Request: POST https://api.telegram.org/bot8544339435:AAGXINX6kmVW6maPPiyoN9EXeuPQT2vmWM8/getUpdates "HTTP/1.1 200 OK"
2025-12-10 08:43:16,342 - httpx - INFO - HTTP Request: POST https://api.telegram.org/bot8544339435:AAGXINX6kmVW6maPPiyoN9EXeuPQT2vmWM8/deleteMessage "HTTP/1.1 200 OK"
2025-12-10 08:43:16,750 - httpx - INFO - HTTP Request: POST https://api.telegram.org/bot8544339435:AAGXINX6kmVW6maPPiyoN9EXeuPQT2vmWM8/sendMessage "HTTP/1.1 200 OK"
2025-12-10 08:43:20,837 - httpx - INFO - HTTP Request: POST https://api.telegram.org/bot8544339435:AAGXINX6kmVW6maPPiyoN9EXeuPQT2vmWM8/getUpdates "HTTP/1.1 200 OK"
2025-12-10 08:43:31,104 - httpx - INFO - HTTP Request: POST https://api.telegram.org/bot8544339435:AAGXINX6kmVW6maPPiyoN9EXeuPQT2vmWM8/getUpdates "HTTP/1.1 200 OK"
2025-12-10 08:43:34,489 - httpx - INFO - HTTP Request: POST https://api.telegram.org/bot8544339435:AAGXINX6kmVW6maPPiyoN9EXeuPQT2vmWM8/getUpdates "HTTP/1.1 200 OK"
2025-12-10 08:43:35,382 - httpx - INFO - HTTP Request: POST https://api.telegram.org/bot8544339435:AAGXINX6kmVW6maPPiyoN9EXeuPQT2vmWM8/sendMessage "HTTP/1.1 200 OK"
2025-12-10 08:43:35,770 - httpx - INFO - HTTP Request: POST https://api.telegram.org/bot8544339435:AAGXINX6kmVW6maPPiyoN9EXeuPQT2vmWM8/sendMessage "HTTP/1.1 200 OK"
2025-12-10 08:43:44,778 - httpx - INFO - HTTP Request: POST https://api.telegram.org/bot8544339435:AAGXINX6kmVW6maPPiyoN9EXeuPQT2vmWM8/getUpdates "HTTP/1.1 200 OK"
2025-12-10 08:43:46,412 - httpx - INFO - HTTP Request: POST https://api.telegram.org/bot8544339435:AAGXINX6kmVW6maPPiyoN9EXeuPQT2vmWM8/getUpdates "HTTP/1.1 200 OK"
2025-12-10 08:43:47,326 - httpx - INFO - HTTP Request: POST https://api.telegram.org/bot8544339435:AAGXINX6kmVW6maPPiyoN9EXeuPQT2vmWM8/sendMessage "HTTP/1.1 200 OK"
2025-12-10 08:43:52,290 - httpx - INFO - HTTP Request: POST https://api.telegram.org/bot8544339435:AAGXINX6kmVW6maPPiyoN9EXeuPQT2vmWM8/getUpdates "HTTP/1.1 200 OK"
2025-12-10 08:43:52,704 - httpx - INFO - HTTP Request: POST https://api.telegram.org/bot8544339435:AAGXINX6kmVW6maPPiyoN9EXeuPQT2vmWM8/sendMessage "HTTP/1.1 200 OK"
2025-12-10 08:44:02,571 - httpx - INFO - HTTP Request: POST https://api.telegram.org/bot8544339435:AAGXINX6kmVW6maPPiyoN9EXeuPQT2vmWM8/getUpdates "HTTP/1.1 200 OK"
2025-12-10 08:44:10,369 - httpx - INFO - HTTP Request: POST https://api.telegram.org/bot8544339435:AAGXINX6kmVW6maPPiyoN9EXeuPQT2vmWM8/getUpdates "HTTP/1.1 200 OK"
2025-12-10 08:44:11,387 - httpx - INFO - HTTP Request: POST https://api.telegram.org/bot8544339435:AAGXINX6kmVW6maPPiyoN9EXeuPQT2vmWM8/sendMessage "HTTP/1.1 200 OK"
2025-12-10 08:44:16,412 - httpx - INFO - HTTP Request: POST https://api.telegram.org/bot8544339435:AAGXINX6kmVW6maPPiyoN9EXeuPQT2vmWM8/getUpdates "HTTP/1.1 200 OK"
2025-12-10 08:44:17,347 - httpx - INFO - HTTP Request: POST https://api.telegram.org/bot8544339435:AAGXINX6kmVW6maPPiyoN9EXeuPQT2vmWM8/sendMessage "HTTP/1.1 200 OK"
2025-12-10 08:44:26,661 - httpx - INFO - HTTP Request: POST https://api.telegram.org/bot8544339435:AAGXINX6kmVW6maPPiyoN9EXeuPQT2vmWM8/getUpdates "HTTP/1.1 200 OK"
2025-12-10 08:44:26,914 - httpx - INFO - HTTP Request: POST https://api.telegram.org/bot8544339435:AAGXINX6kmVW6maPPiyoN9EXeuPQT2vmWM8/getUpdates "HTTP/1.1 200 OK"
2025-12-10 08:44:27,805 - httpx - INFO - HTTP Request: POST https://api.telegram.org/bot8544339435:AAGXINX6kmVW6maPPiyoN9EXeuPQT2vmWM8/sendMessage "HTTP/1.1 200 OK"
2025-12-10 08:44:34,165 - httpx - INFO - HTTP Request: POST https://api.telegram.org/bot8544339435:AAGXINX6kmVW6maPPiyoN9EXeuPQT2vmWM8/getUpdates "HTTP/1.1 200 OK"
2025-12-10 08:44:35,104 - httpx - INFO - HTTP Request: POST https://api.telegram.org/bot8544339435:AAGXINX6kmVW6maPPiyoN9EXeuPQT2vmWM8/sendMessage "HTTP/1.1 200 OK"
2025-12-10 08:44:41,074 - httpx - INFO - HTTP Request: POST https://api.telegram.org/bot8544339435:AAGXINX6kmVW6maPPiyoN9EXeuPQT2vmWM8/getUpdates "HTTP/1.1 200 OK"
2025-12-10 08:44:41,982 - httpx - INFO - HTTP Request: POST https://api.telegram.org/bot8544339435:AAGXINX6kmVW6maPPiyoN9EXeuPQT2vmWM8/sendMessage "HTTP/1.1 200 OK"
2025-12-10 08:44:51,315 - httpx - INFO - HTTP Request: POST https://api.telegram.org/bot8544339435:AAGXINX6kmVW6maPPiyoN9EXeuPQT2vmWM8/getUpdates "HTTP/1.1 200 OK"
2025-12-10 08:44:55,161 - httpx - INFO - HTTP Request: POST https://api.telegram.org/bot8544339435:AAGXINX6kmVW6maPPiyoN9EXeuPQT2vmWM8/getUpdates "HTTP/1.1 200 OK"
2025-12-10 08:44:56,065 - httpx - INFO - HTTP Request: POST https://api.telegram.org/bot8544339435:AAGXINX6kmVW6maPPiyoN9EXeuPQT2vmWM8/sendMessage "HTTP/1.1 200 OK"
2025-12-10 08:45:05,427 - httpx - INFO - HTTP Request: POST https://api.telegram.org/bot8544339435:AAGXINX6kmVW6maPPiyoN9EXeuPQT2vmWM8/getUpdates "HTTP/1.1 200 OK"
2025-12-10 08:45:15,670 - httpx - INFO - HTTP Request: POST https://api.telegram.org/bot8544339435:AAGXINX6kmVW6maPPiyoN9EXeuPQT2vmWM8/getUpdates "HTTP/1.1 200 OK"
2025-12-10 08:45:25,930 - httpx - INFO - HTTP Request: POST https://api.telegram.org/bot8544339435:AAGXINX6kmVW6maPPiyoN9EXeuPQT2vmWM8/getUpdates "HTTP/1.1 200 OK"
2025-12-10 08:45:27,502 - httpx - INFO - HTTP Request: POST https://api.telegram.org/bot8544339435:AAGXINX6kmVW6maPPiyoN9EXeuPQT2vmWM8/getUpdates "HTTP/1.1 200 OK"
2025-12-10 08:45:28,722 - httpx - INFO - HTTP Request: POST https://api.telegram.org/bot8544339435:AAGXINX6kmVW6maPPiyoN9EXeuPQT2vmWM8/sendMessage "HTTP/1.1 200 OK"
2025-12-10 08:45:28,730 - __main__ - ERROR - Erro ao gerar recomendaçăo: 'parametros'
2025-12-10 08:45:29,117 - httpx - INFO - HTTP Request: POST https://api.telegram.org/bot8544339435:AAGXINX6kmVW6maPPiyoN9EXeuPQT2vmWM8/sendMessage "HTTP/1.1 200 OK"
2025-12-10 08:45:37,772 - httpx - INFO - HTTP Request: POST https://api.telegram.org/bot8544339435:AAGXINX6kmVW6maPPiyoN9EXeuPQT2vmWM8/getUpdates "HTTP/1.1 200 OK"
2025-12-10 08:45:48,090 - httpx - INFO - HTTP Request: POST https://api.telegram.org/bot8544339435:AAGXINX6kmVW6maPPiyoN9EXeuPQT2vmWM8/getUpdates "HTTP/1.1 200 OK"
2025-12-10 08:45:58,331 - httpx - INFO - HTTP Request: POST https://api.telegram.org/bot8544339435:AAGXINX6kmVW6maPPiyoN9EXeuPQT2vmWM8/getUpdates "HTTP/1.1 200 OK"
2025-12-10 08:46:08,607 - httpx - INFO - HTTP Request: POST https://api.telegram.org/bot8544339435:AAGXINX6kmVW6maPPiyoN9EXeuPQT2vmWM8/getUpdates "HTTP/1.1 200 OK"
2025-12-10 08:46:18,866 - httpx - INFO - HTTP Request: POST https://api.telegram.org/bot8544339435:AAGXINX6kmVW6maPPiyoN9EXeuPQT2vmWM8/getUpdates "HTTP/1.1 200 OK"
2025-12-10 08:46:29,115 - httpx - INFO - HTTP Request: POST https://api.telegram.org/bot8544339435:AAGXINX6kmVW6maPPiyoN9EXeuPQT2vmWM8/getUpdates "HTTP/1.1 200 OK"
2025-12-10 08:46:39,375 - httpx - INFO - HTTP Request: POST https://api.telegram.org/bot8544339435:AAGXINX6kmVW6maPPiyoN9EXeuPQT2vmWM8/getUpdates "HTTP/1.1 200 OK"
2025-12-10 08:46:49,630 - httpx - INFO - HTTP Request: POST https://api.telegram.org/bot8544339435:AAGXINX6kmVW6maPPiyoN9EXeuPQT2vmWM8/getUpdates "HTTP/1.1 200 OK"
2025-12-10 08:46:59,871 - httpx - INFO - HTTP Request: POST https://api.telegram.org/bot8544339435:AAGXINX6kmVW6maPPiyoN9EXeuPQT2vmWM8/getUpdates "HTTP/1.1 200 OK"
2025-12-10 08:47:10,123 - httpx - INFO - HTTP Request: POST https://api.telegram.org/bot8544339435:AAGXINX6kmVW6maPPiyoN9EXeuPQT2vmWM8/getUpdates "HTTP/1.1 200 OK"
2025-12-10 08:47:20,378 - httpx - INFO - HTTP Request: POST https://api.telegram.org/bot8544339435:AAGXINX6kmVW6maPPiyoN9EXeuPQT2vmWM8/getUpdates "HTTP/1.1 200 OK"
2025-12-10 08:47:30,624 - httpx - INFO - HTTP Request: POST https://api.telegram.org/bot8544339435:AAGXINX6kmVW6maPPiyoN9EXeuPQT2vmWM8/getUpdates "HTTP/1.1 200 OK"
2025-12-10 08:47:40,875 - httpx - INFO - HTTP Request: POST https://api.telegram.org/bot8544339435:AAGXINX6kmVW6maPPiyoN9EXeuPQT2vmWM8/getUpdates "HTTP/1.1 200 OK"
2025-12-10 08:47:51,135 - httpx - INFO - HTTP Request: POST https://api.telegram.org/bot8544339435:AAGXINX6kmVW6maPPiyoN9EXeuPQT2vmWM8/getUpdates "HTTP/1.1 200 OK"
2025-12-10 08:48:01,411 - httpx - INFO - HTTP Request: POST https://api.telegram.org/bot8544339435:AAGXINX6kmVW6maPPiyoN9EXeuPQT2vmWM8/getUpdates "HTTP/1.1 200 OK"
2025-12-10 08:48:11,682 - httpx - INFO - HTTP Request: POST https://api.telegram.org/bot8544339435:AAGXINX6kmVW6maPPiyoN9EXeuPQT2vmWM8/getUpdates "HTTP/1.1 200 OK"
2025-12-10 08:48:21,945 - httpx - INFO - HTTP Request: POST https://api.telegram.org/bot8544339435:AAGXINX6kmVW6maPPiyoN9EXeuPQT2vmWM8/getUpdates "HTTP/1.1 200 OK"
2025-12-10 08:48:32,195 - httpx - INFO - HTTP Request: POST https://api.telegram.org/bot8544339435:AAGXINX6kmVW6maPPiyoN9EXeuPQT2vmWM8/getUpdates "HTTP/1.1 200 OK"
2025-12-10 08:48:42,440 - httpx - INFO - HTTP Request: POST https://api.telegram.org/bot8544339435:AAGXINX6kmVW6maPPiyoN9EXeuPQT2vmWM8/getUpdates "HTTP/1.1 200 OK"
2025-12-10 08:48:52,690 - httpx - INFO - HTTP Request: POST https://api.telegram.org/bot8544339435:AAGXINX6kmVW6maPPiyoN9EXeuPQT2vmWM8/getUpdates "HTTP/1.1 200 OK"
2025-12-10 08:49:02,943 - httpx - INFO - HTTP Request: POST https://api.telegram.org/bot8544339435:AAGXINX6kmVW6maPPiyoN9EXeuPQT2vmWM8/getUpdates "HTTP/1.1 200 OK"
2025-12-10 08:49:13,181 - httpx - INFO - HTTP Request: POST https://api.telegram.org/bot8544339435:AAGXINX6kmVW6maPPiyoN9EXeuPQT2vmWM8/getUpdates "HTTP/1.1 200 OK"
2025-12-10 08:49:23,441 - httpx - INFO - HTTP Request: POST https://api.telegram.org/bot8544339435:AAGXINX6kmVW6maPPiyoN9EXeuPQT2vmWM8/getUpdates "HTTP/1.1 200 OK"
2025-12-10 08:49:33,695 - httpx - INFO - HTTP Request: POST https://api.telegram.org/bot8544339435:AAGXINX6kmVW6maPPiyoN9EXeuPQT2vmWM8/getUpdates "HTTP/1.1 200 OK"
2025-12-10 08:49:43,980 - httpx - INFO - HTTP Request: POST https://api.telegram.org/bot8544339435:AAGXINX6kmVW6maPPiyoN9EXeuPQT2vmWM8/getUpdates "HTTP/1.1 200 OK"
2025-12-10 08:49:54,247 - httpx - INFO - HTTP Request: POST https://api.telegram.org/bot8544339435:AAGXINX6kmVW6maPPiyoN9EXeuPQT2vmWM8/getUpdates "HTTP/1.1 200 OK"
2025-12-10 08:50:05,109 - httpx - INFO - HTTP Request: POST https://api.telegram.org/bot8544339435:AAGXINX6kmVW6maPPiyoN9EXeuPQT2vmWM8/getUpdates "HTTP/1.1 200 OK"
2025-12-10 08:50:15,410 - httpx - INFO - HTTP Request: POST https://api.telegram.org/bot8544339435:AAGXINX6kmVW6maPPiyoN9EXeuPQT2vmWM8/getUpdates "HTTP/1.1 200 OK"
2025-12-10 08:50:25,671 - httpx - INFO - HTTP Request: POST https://api.telegram.org/bot8544339435:AAGXINX6kmVW6maPPiyoN9EXeuPQT2vmWM8/getUpdates "HTTP/1.1 200 OK"
2025-12-10 08:50:35,932 - httpx - INFO - HTTP Request: POST https://api.telegram.org/bot8544339435:AAGXINX6kmVW6maPPiyoN9EXeuPQT2vmWM8/getUpdates "HTTP/1.1 200 OK"
2025-12-10 08:50:46,194 - httpx - INFO - HTTP Request: POST https://api.telegram.org/bot8544339435:AAGXINX6kmVW6maPPiyoN9EXeuPQT2vmWM8/getUpdates "HTTP/1.1 200 OK"
2025-12-10 08:50:56,471 - httpx - INFO - HTTP Request: POST https://api.telegram.org/bot8544339435:AAGXINX6kmVW6maPPiyoN9EXeuPQT2vmWM8/getUpdates "HTTP/1.1 200 OK"
2025-12-10 08:51:06,738 - httpx - INFO - HTTP Request: POST https://api.telegram.org/bot8544339435:AAGXINX6kmVW6maPPiyoN9EXeuPQT2vmWM8/getUpdates "HTTP/1.1 200 OK"
2025-12-10 08:51:16,996 - httpx - INFO - HTTP Request: POST https://api.telegram.org/bot8544339435:AAGXINX6kmVW6maPPiyoN9EXeuPQT2vmWM8/getUpdates "HTTP/1.1 200 OK"
2025-12-10 08:51:27,257 - httpx - INFO - HTTP Request: POST https://api.telegram.org/bot8544339435:AAGXINX6kmVW6maPPiyoN9EXeuPQT2vmWM8/getUpdates "HTTP/1.1 200 OK"
2025-12-10 08:51:37,515 - httpx - INFO - HTTP Request: POST https://api.telegram.org/bot8544339435:AAGXINX6kmVW6maPPiyoN9EXeuPQT2vmWM8/getUpdates "HTTP/1.1 200 OK"
2025-12-10 08:51:47,760 - httpx - INFO - HTTP Request: POST https://api.telegram.org/bot8544339435:AAGXINX6kmVW6maPPiyoN9EXeuPQT2vmWM8/getUpdates "HTTP/1.1 200 OK"
2025-12-10 08:51:58,005 - httpx - INFO - HTTP Request: POST https://api.telegram.org/bot8544339435:AAGXINX6kmVW6maPPiyoN9EXeuPQT2vmWM8/getUpdates "HTTP/1.1 200 OK"
2025-12-10 08:52:08,261 - httpx - INFO - HTTP Request: POST https://api.telegram.org/bot8544339435:AAGXINX6kmVW6maPPiyoN9EXeuPQT2vmWM8/getUpdates "HTTP/1.1 200 OK"
2025-12-10 08:52:18,513 - httpx - INFO - HTTP Request: POST https://api.telegram.org/bot8544339435:AAGXINX6kmVW6maPPiyoN9EXeuPQT2vmWM8/getUpdates "HTTP/1.1 200 OK"
2025-12-10 08:52:28,769 - httpx - INFO - HTTP Request: POST https://api.telegram.org/bot8544339435:AAGXINX6kmVW6maPPiyoN9EXeuPQT2vmWM8/getUpdates "HTTP/1.1 200 OK"
2025-12-10 08:52:39,039 - httpx - INFO - HTTP Request: POST https://api.telegram.org/bot8544339435:AAGXINX6kmVW6maPPiyoN9EXeuPQT2vmWM8/getUpdates "HTTP/1.1 200 OK"
2025-12-10 08:52:49,464 - httpx - INFO - HTTP Request: POST https://api.telegram.org/bot8544339435:AAGXINX6kmVW6maPPiyoN9EXeuPQT2vmWM8/getUpdates "HTTP/1.1 200 OK"
2025-12-10 08:52:59,839 - httpx - INFO - HTTP Request: POST https://api.telegram.org/bot8544339435:AAGXINX6kmVW6maPPiyoN9EXeuPQT2vmWM8/getUpdates "HTTP/1.1 200 OK"
2025-12-10 08:53:10,100 - httpx - INFO - HTTP Request: POST https://api.telegram.org/bot8544339435:AAGXINX6kmVW6maPPiyoN9EXeuPQT2vmWM8/getUpdates "HTTP/1.1 200 OK"
2025-12-10 08:53:20,362 - httpx - INFO - HTTP Request: POST https://api.telegram.org/bot8544339435:AAGXINX6kmVW6maPPiyoN9EXeuPQT2vmWM8/getUpdates "HTTP/1.1 200 OK"
2025-12-10 08:53:30,613 - httpx - INFO - HTTP Request: POST https://api.telegram.org/bot8544339435:AAGXINX6kmVW6maPPiyoN9EXeuPQT2vmWM8/getUpdates "HTTP/1.1 200 OK"
2025-12-10 08:53:40,862 - httpx - INFO - HTTP Request: POST https://api.telegram.org/bot8544339435:AAGXINX6kmVW6maPPiyoN9EXeuPQT2vmWM8/getUpdates "HTTP/1.1 200 OK"
2025-12-10 08:53:51,123 - httpx - INFO - HTTP Request: POST https://api.telegram.org/bot8544339435:AAGXINX6kmVW6maPPiyoN9EXeuPQT2vmWM8/getUpdates "HTTP/1.1 200 OK"
2025-12-10 08:54:01,374 - httpx - INFO - HTTP Request: POST https://api.telegram.org/bot8544339435:AAGXINX6kmVW6maPPiyoN9EXeuPQT2vmWM8/getUpdates "HTTP/1.1 200 OK"
2025-12-10 08:54:11,628 - httpx - INFO - HTTP Request: POST https://api.telegram.org/bot8544339435:AAGXINX6kmVW6maPPiyoN9EXeuPQT2vmWM8/getUpdates "HTTP/1.1 200 OK"
2025-12-10 08:54:21,887 - httpx - INFO - HTTP Request: POST https://api.telegram.org/bot8544339435:AAGXINX6kmVW6maPPiyoN9EXeuPQT2vmWM8/getUpdates "HTTP/1.1 200 OK"
2025-12-10 08:54:32,140 - httpx - INFO - HTTP Request: POST https://api.telegram.org/bot8544339435:AAGXINX6kmVW6maPPiyoN9EXeuPQT2vmWM8/getUpdates "HTTP/1.1 200 OK"
2025-12-10 08:54:42,392 - httpx - INFO - HTTP Request: POST https://api.telegram.org/bot8544339435:AAGXINX6kmVW6maPPiyoN9EXeuPQT2vmWM8/getUpdates "HTTP/1.1 200 OK"
2025-12-10 08:54:52,652 - httpx - INFO - HTTP Request: POST https://api.telegram.org/bot8544339435:AAGXINX6kmVW6maPPiyoN9EXeuPQT2vmWM8/getUpdates "HTTP/1.1 200 OK"
2025-12-10 08:55:02,911 - httpx - INFO - HTTP Request: POST https://api.telegram.org/bot8544339435:AAGXINX6kmVW6maPPiyoN9EXeuPQT2vmWM8/getUpdates "HTTP/1.1 200 OK"
2025-12-10 08:55:13,160 - httpx - INFO - HTTP Request: POST https://api.telegram.org/bot8544339435:AAGXINX6kmVW6maPPiyoN9EXeuPQT2vmWM8/getUpdates "HTTP/1.1 200 OK"
2025-12-10 08:55:23,416 - httpx - INFO - HTTP Request: POST https://api.telegram.org/bot8544339435:AAGXINX6kmVW6maPPiyoN9EXeuPQT2vmWM8/getUpdates "HTTP/1.1 200 OK"
2025-12-10 08:55:33,658 - httpx - INFO - HTTP Request: POST https://api.telegram.org/bot8544339435:AAGXINX6kmVW6maPPiyoN9EXeuPQT2vmWM8/getUpdates "HTTP/1.1 200 OK"
2025-12-10 08:55:43,918 - httpx - INFO - HTTP Request: POST https://api.telegram.org/bot8544339435:AAGXINX6kmVW6maPPiyoN9EXeuPQT2vmWM8/getUpdates "HTTP/1.1 200 OK"
2025-12-10 08:55:54,157 - httpx - INFO - HTTP Request: POST https://api.telegram.org/bot8544339435:AAGXINX6kmVW6maPPiyoN9EXeuPQT2vmWM8/getUpdates "HTTP/1.1 200 OK"
2025-12-10 08:56:04,442 - httpx - INFO - HTTP Request: POST https://api.telegram.org/bot8544339435:AAGXINX6kmVW6maPPiyoN9EXeuPQT2vmWM8/getUpdates "HTTP/1.1 200 OK"
2025-12-10 08:56:14,702 - httpx - INFO - HTTP Request: POST https://api.telegram.org/bot8544339435:AAGXINX6kmVW6maPPiyoN9EXeuPQT2vmWM8/getUpdates "HTTP/1.1 200 OK"
2025-12-10 08:56:24,988 - httpx - INFO - HTTP Request: POST https://api.telegram.org/bot8544339435:AAGXINX6kmVW6maPPiyoN9EXeuPQT2vmWM8/getUpdates "HTTP/1.1 200 OK"
2025-12-10 08:56:35,254 - httpx - INFO - HTTP Request: POST https://api.telegram.org/bot8544339435:AAGXINX6kmVW6maPPiyoN9EXeuPQT2vmWM8/getUpdates "HTTP/1.1 200 OK"
2025-12-10 08:56:45,524 - httpx - INFO - HTTP Request: POST https://api.telegram.org/bot8544339435:AAGXINX6kmVW6maPPiyoN9EXeuPQT2vmWM8/getUpdates "HTTP/1.1 200 OK"
2025-12-10 08:56:55,783 - httpx - INFO - HTTP Request: POST https://api.telegram.org/bot8544339435:AAGXINX6kmVW6maPPiyoN9EXeuPQT2vmWM8/getUpdates "HTTP/1.1 200 OK"
2025-12-10 08:57:06,044 - httpx - INFO - HTTP Request: POST https://api.telegram.org/bot8544339435:AAGXINX6kmVW6maPPiyoN9EXeuPQT2vmWM8/getUpdates "HTTP/1.1 200 OK"
2025-12-10 08:57:16,294 - httpx - INFO - HTTP Request: POST https://api.telegram.org/bot8544339435:AAGXINX6kmVW6maPPiyoN9EXeuPQT2vmWM8/getUpdates "HTTP/1.1 200 OK"
2025-12-10 08:57:26,534 - httpx - INFO - HTTP Request: POST https://api.telegram.org/bot8544339435:AAGXINX6kmVW6maPPiyoN9EXeuPQT2vmWM8/getUpdates "HTTP/1.1 200 OK"
2025-12-10 08:57:36,789 - httpx - INFO - HTTP Request: POST https://api.telegram.org/bot8544339435:AAGXINX6kmVW6maPPiyoN9EXeuPQT2vmWM8/getUpdates "HTTP/1.1 200 OK"
2025-12-10 08:57:47,060 - httpx - INFO - HTTP Request: POST https://api.telegram.org/bot8544339435:AAGXINX6kmVW6maPPiyoN9EXeuPQT2vmWM8/getUpdates "HTTP/1.1 200 OK"
2025-12-10 08:57:57,317 - httpx - INFO - HTTP Request: POST https://api.telegram.org/bot8544339435:AAGXINX6kmVW6maPPiyoN9EXeuPQT2vmWM8/getUpdates "HTTP/1.1 200 OK"
2025-12-10 08:58:07,572 - httpx - INFO - HTTP Request: POST https://api.telegram.org/bot8544339435:AAGXINX6kmVW6maPPiyoN9EXeuPQT2vmWM8/getUpdates "HTTP/1.1 200 OK"
2025-12-10 08:58:17,820 - httpx - INFO - HTTP Request: POST https://api.telegram.org/bot8544339435:AAGXINX6kmVW6maPPiyoN9EXeuPQT2vmWM8/getUpdates "HTTP/1.1 200 OK"
2025-12-10 08:58:28,559 - httpx - INFO - HTTP Request: POST https://api.telegram.org/bot8544339435:AAGXINX6kmVW6maPPiyoN9EXeuPQT2vmWM8/getUpdates "HTTP/1.1 200 OK"
2025-12-10 08:58:38,824 - httpx - INFO - HTTP Request: POST https://api.telegram.org/bot8544339435:AAGXINX6kmVW6maPPiyoN9EXeuPQT2vmWM8/getUpdates "HTTP/1.1 200 OK"
2025-12-10 08:58:49,085 - httpx - INFO - HTTP Request: POST https://api.telegram.org/bot8544339435:AAGXINX6kmVW6maPPiyoN9EXeuPQT2vmWM8/getUpdates "HTTP/1.1 200 OK"
2025-12-10 08:58:59,377 - httpx - INFO - HTTP Request: POST https://api.telegram.org/bot8544339435:AAGXINX6kmVW6maPPiyoN9EXeuPQT2vmWM8/getUpdates "HTTP/1.1 200 OK"
2025-12-10 08:59:09,640 - httpx - INFO - HTTP Request: POST https://api.telegram.org/bot8544339435:AAGXINX6kmVW6maPPiyoN9EXeuPQT2vmWM8/getUpdates "HTTP/1.1 200 OK"
2025-12-10 08:59:19,882 - httpx - INFO - HTTP Request: POST https://api.telegram.org/bot8544339435:AAGXINX6kmVW6maPPiyoN9EXeuPQT2vmWM8/getUpdates "HTTP/1.1 200 OK"
2025-12-10 08:59:30,138 - httpx - INFO - HTTP Request: POST https://api.telegram.org/bot8544339435:AAGXINX6kmVW6maPPiyoN9EXeuPQT2vmWM8/getUpdates "HTTP/1.1 200 OK"
2025-12-10 08:59:40,387 - httpx - INFO - HTTP Request: POST https://api.telegram.org/bot8544339435:AAGXINX6kmVW6maPPiyoN9EXeuPQT2vmWM8/getUpdates "HTTP/1.1 200 OK"
2025-12-10 08:59:50,635 - httpx - INFO - HTTP Request: POST https://api.telegram.org/bot8544339435:AAGXINX6kmVW6maPPiyoN9EXeuPQT2vmWM8/getUpdates "HTTP/1.1 200 OK"
2025-12-10 09:00:00,892 - httpx - INFO - HTTP Request: POST https://api.telegram.org/bot8544339435:AAGXINX6kmVW6maPPiyoN9EXeuPQT2vmWM8/getUpdates "HTTP/1.1 200 OK"
2025-12-10 09:00:11,147 - httpx - INFO - HTTP Request: POST https://api.telegram.org/bot8544339435:AAGXINX6kmVW6maPPiyoN9EXeuPQT2vmWM8/getUpdates "HTTP/1.1 200 OK"
2025-12-10 09:00:21,419 - httpx - INFO - HTTP Request: POST https://api.telegram.org/bot8544339435:AAGXINX6kmVW6maPPiyoN9EXeuPQT2vmWM8/getUpdates "HTTP/1.1 200 OK"
2025-12-10 09:00:31,661 - httpx - INFO - HTTP Request: POST https://api.telegram.org/bot8544339435:AAGXINX6kmVW6maPPiyoN9EXeuPQT2vmWM8/getUpdates "HTTP/1.1 200 OK"
2025-12-10 09:00:41,913 - httpx - INFO - HTTP Request: POST https://api.telegram.org/bot8544339435:AAGXINX6kmVW6maPPiyoN9EXeuPQT2vmWM8/getUpdates "HTTP/1.1 200 OK"
2025-12-10 09:00:52,162 - httpx - INFO - HTTP Request: POST https://api.telegram.org/bot8544339435:AAGXINX6kmVW6maPPiyoN9EXeuPQT2vmWM8/getUpdates "HTTP/1.1 200 OK"
2025-12-10 09:01:02,418 - httpx - INFO - HTTP Request: POST https://api.telegram.org/bot8544339435:AAGXINX6kmVW6maPPiyoN9EXeuPQT2vmWM8/getUpdates "HTTP/1.1 200 OK"
2025-12-10 09:01:12,679 - httpx - INFO - HTTP Request: POST https://api.telegram.org/bot8544339435:AAGXINX6kmVW6maPPiyoN9EXeuPQT2vmWM8/getUpdates "HTTP/1.1 200 OK"
2025-12-10 09:01:22,970 - httpx - INFO - HTTP Request: POST https://api.telegram.org/bot8544339435:AAGXINX6kmVW6maPPiyoN9EXeuPQT2vmWM8/getUpdates "HTTP/1.1 200 OK"
2025-12-10 09:01:33,228 - httpx - INFO - HTTP Request: POST https://api.telegram.org/bot8544339435:AAGXINX6kmVW6maPPiyoN9EXeuPQT2vmWM8/getUpdates "HTTP/1.1 200 OK"
2025-12-10 09:01:43,485 - httpx - INFO - HTTP Request: POST https://api.telegram.org/bot8544339435:AAGXINX6kmVW6maPPiyoN9EXeuPQT2vmWM8/getUpdates "HTTP/1.1 200 OK"
2025-12-10 09:01:53,749 - httpx - INFO - HTTP Request: POST https://api.telegram.org/bot8544339435:AAGXINX6kmVW6maPPiyoN9EXeuPQT2vmWM8/getUpdates "HTTP/1.1 200 OK"
2025-12-10 09:02:04,023 - httpx - INFO - HTTP Request: POST https://api.telegram.org/bot8544339435:AAGXINX6kmVW6maPPiyoN9EXeuPQT2vmWM8/getUpdates "HTTP/1.1 200 OK"
2025-12-10 09:02:14,279 - httpx - INFO - HTTP Request: POST https://api.telegram.org/bot8544339435:AAGXINX6kmVW6maPPiyoN9EXeuPQT2vmWM8/getUpdates "HTTP/1.1 200 OK"
2025-12-10 09:02:24,545 - httpx - INFO - HTTP Request: POST https://api.telegram.org/bot8544339435:AAGXINX6kmVW6maPPiyoN9EXeuPQT2vmWM8/getUpdates "HTTP/1.1 200 OK"
2025-12-10 09:02:34,800 - httpx - INFO - HTTP Request: POST https://api.telegram.org/bot8544339435:AAGXINX6kmVW6maPPiyoN9EXeuPQT2vmWM8/getUpdates "HTTP/1.1 200 OK"
2025-12-10 09:02:45,065 - httpx - INFO - HTTP Request: POST https://api.telegram.org/bot8544339435:AAGXINX6kmVW6maPPiyoN9EXeuPQT2vmWM8/getUpdates "HTTP/1.1 200 OK"
2025-12-10 09:02:55,318 - httpx - INFO - HTTP Request: POST https://api.telegram.org/bot8544339435:AAGXINX6kmVW6maPPiyoN9EXeuPQT2vmWM8/getUpdates "HTTP/1.1 200 OK"
2025-12-10 09:03:05,580 - httpx - INFO - HTTP Request: POST https://api.telegram.org/bot8544339435:AAGXINX6kmVW6maPPiyoN9EXeuPQT2vmWM8/getUpdates "HTTP/1.1 200 OK"
2025-12-10 09:03:15,839 - httpx - INFO - HTTP Request: POST https://api.telegram.org/bot8544339435:AAGXINX6kmVW6maPPiyoN9EXeuPQT2vmWM8/getUpdates "HTTP/1.1 200 OK"
2025-12-10 09:03:26,081 - httpx - INFO - HTTP Request: POST https://api.telegram.org/bot8544339435:AAGXINX6kmVW6maPPiyoN9EXeuPQT2vmWM8/getUpdates "HTTP/1.1 200 OK"
2025-12-10 09:03:36,339 - httpx - INFO - HTTP Request: POST https://api.telegram.org/bot8544339435:AAGXINX6kmVW6maPPiyoN9EXeuPQT2vmWM8/getUpdates "HTTP/1.1 200 OK"
2025-12-10 09:03:46,592 - httpx - INFO - HTTP Request: POST https://api.telegram.org/bot8544339435:AAGXINX6kmVW6maPPiyoN9EXeuPQT2vmWM8/getUpdates "HTTP/1.1 200 OK"
2025-12-10 09:03:56,836 - httpx - INFO - HTTP Request: POST https://api.telegram.org/bot8544339435:AAGXINX6kmVW6maPPiyoN9EXeuPQT2vmWM8/getUpdates "HTTP/1.1 200 OK"
2025-12-10 09:04:07,414 - httpx - INFO - HTTP Request: POST https://api.telegram.org/bot8544339435:AAGXINX6kmVW6maPPiyoN9EXeuPQT2vmWM8/getUpdates "HTTP/1.1 200 OK"
2025-12-10 09:04:17,668 - httpx - INFO - HTTP Request: POST https://api.telegram.org/bot8544339435:AAGXINX6kmVW6maPPiyoN9EXeuPQT2vmWM8/getUpdates "HTTP/1.1 200 OK"
2025-12-10 09:04:27,937 - httpx - INFO - HTTP Request: POST https://api.telegram.org/bot8544339435:AAGXINX6kmVW6maPPiyoN9EXeuPQT2vmWM8/getUpdates "HTTP/1.1 200 OK"
2025-12-10 09:04:38,180 - httpx - INFO - HTTP Request: POST https://api.telegram.org/bot8544339435:AAGXINX6kmVW6maPPiyoN9EXeuPQT2vmWM8/getUpdates "HTTP/1.1 200 OK"
2025-12-10 09:04:38,892 - httpx - INFO - HTTP Request: POST https://api.telegram.org/bot8544339435:AAGXINX6kmVW6maPPiyoN9EXeuPQT2vmWM8/getUpdates "HTTP/1.1 200 OK"
2025-12-10 09:04:39,844 - httpx - INFO - HTTP Request: POST https://api.telegram.org/bot8544339435:AAGXINX6kmVW6maPPiyoN9EXeuPQT2vmWM8/sendMessage "HTTP/1.1 200 OK"
2025-12-10 09:04:42,760 - httpx - INFO - HTTP Request: POST https://api.telegram.org/bot8544339435:AAGXINX6kmVW6maPPiyoN9EXeuPQT2vmWM8/getUpdates "HTTP/1.1 200 OK"
2025-12-10 09:04:46,783 - httpx - INFO - HTTP Request: POST https://api.telegram.org/bot8544339435:AAGXINX6kmVW6maPPiyoN9EXeuPQT2vmWM8/getUpdates "HTTP/1.1 200 OK"
2025-12-10 09:04:57,042 - httpx - INFO - HTTP Request: POST https://api.telegram.org/bot8544339435:AAGXINX6kmVW6maPPiyoN9EXeuPQT2vmWM8/getUpdates "HTTP/1.1 200 OK"
2025-12-10 09:05:07,299 - httpx - INFO - HTTP Request: POST https://api.telegram.org/bot8544339435:AAGXINX6kmVW6maPPiyoN9EXeuPQT2vmWM8/getUpdates "HTTP/1.1 200 OK"
2025-12-10 09:05:17,561 - httpx - INFO - HTTP Request: POST https://api.telegram.org/bot8544339435:AAGXINX6kmVW6maPPiyoN9EXeuPQT2vmWM8/getUpdates "HTTP/1.1 200 OK"
2025-12-10 09:05:27,828 - httpx - INFO - HTTP Request: POST https://api.telegram.org/bot8544339435:AAGXINX6kmVW6maPPiyoN9EXeuPQT2vmWM8/getUpdates "HTTP/1.1 200 OK"
2025-12-10 09:05:38,074 - httpx - INFO - HTTP Request: POST https://api.telegram.org/bot8544339435:AAGXINX6kmVW6maPPiyoN9EXeuPQT2vmWM8/getUpdates "HTTP/1.1 200 OK"
2025-12-10 09:05:48,327 - httpx - INFO - HTTP Request: POST https://api.telegram.org/bot8544339435:AAGXINX6kmVW6maPPiyoN9EXeuPQT2vmWM8/getUpdates "HTTP/1.1 200 OK"
2025-12-10 09:05:58,585 - httpx - INFO - HTTP Request: POST https://api.telegram.org/bot8544339435:AAGXINX6kmVW6maPPiyoN9EXeuPQT2vmWM8/getUpdates "HTTP/1.1 200 OK"
2025-12-10 09:06:08,851 - httpx - INFO - HTTP Request: POST https://api.telegram.org/bot8544339435:AAGXINX6kmVW6maPPiyoN9EXeuPQT2vmWM8/getUpdates "HTTP/1.1 200 OK"
2025-12-10 09:06:19,109 - httpx - INFO - HTTP Request: POST https://api.telegram.org/bot8544339435:AAGXINX6kmVW6maPPiyoN9EXeuPQT2vmWM8/getUpdates "HTTP/1.1 200 OK"
2025-12-10 09:06:29,370 - httpx - INFO - HTTP Request: POST https://api.telegram.org/bot8544339435:AAGXINX6kmVW6maPPiyoN9EXeuPQT2vmWM8/getUpdates "HTTP/1.1 200 OK"
2025-12-10 09:06:33,671 - httpx - INFO - HTTP Request: POST https://api.telegram.org/bot8544339435:AAGXINX6kmVW6maPPiyoN9EXeuPQT2vmWM8/getUpdates "HTTP/1.1 200 OK"
2025-12-10 09:06:33,673 - telegram.ext.Application - INFO - Application is stopping. This might take a moment.
2025-12-10 09:06:33,673 - telegram.ext.Application - INFO - Application.stop() complete
2025-12-10 09:09:05,359 - httpx - INFO - HTTP Request: POST https://api.telegram.org/bot8544339435:AAGXINX6kmVW6maPPiyoN9EXeuPQT2vmWM8/getMe "HTTP/1.1 200 OK"
2025-12-10 09:09:05,595 - httpx - INFO - HTTP Request: POST https://api.telegram.org/bot8544339435:AAGXINX6kmVW6maPPiyoN9EXeuPQT2vmWM8/deleteWebhook "HTTP/1.1 200 OK"
2025-12-10 09:09:05,598 - telegram.ext.Application - INFO - Application started
2025-12-10 09:09:16,341 - httpx - INFO - HTTP Request: POST https://api.telegram.org/bot8544339435:AAGXINX6kmVW6maPPiyoN9EXeuPQT2vmWM8/getUpdates "HTTP/1.1 200 OK"
2025-12-10 09:09:20,672 - httpx - INFO - HTTP Request: POST https://api.telegram.org/bot8544339435:AAGXINX6kmVW6maPPiyoN9EXeuPQT2vmWM8/getUpdates "HTTP/1.1 200 OK"
2025-12-10 09:09:21,710 - httpx - INFO - HTTP Request: POST https://api.telegram.org/bot8544339435:AAGXINX6kmVW6maPPiyoN9EXeuPQT2vmWM8/sendMessage "HTTP/1.1 200 OK"
2025-12-10 09:09:24,599 - httpx - INFO - HTTP Request: POST https://api.telegram.org/bot8544339435:AAGXINX6kmVW6maPPiyoN9EXeuPQT2vmWM8/getUpdates "HTTP/1.1 200 OK"
2025-12-10 09:09:28,892 - httpx - INFO - HTTP Request: POST https://api.telegram.org/bot8544339435:AAGXINX6kmVW6maPPiyoN9EXeuPQT2vmWM8/getUpdates "HTTP/1.1 200 OK"
2025-12-10 09:09:39,197 - httpx - INFO - HTTP Request: POST https://api.telegram.org/bot8544339435:AAGXINX6kmVW6maPPiyoN9EXeuPQT2vmWM8/getUpdates "HTTP/1.1 200 OK"
2025-12-10 09:09:49,467 - httpx - INFO - HTTP Request: POST https://api.telegram.org/bot8544339435:AAGXINX6kmVW6maPPiyoN9EXeuPQT2vmWM8/getUpdates "HTTP/1.1 200 OK"
2025-12-10 09:09:59,715 - httpx - INFO - HTTP Request: POST https://api.telegram.org/bot8544339435:AAGXINX6kmVW6maPPiyoN9EXeuPQT2vmWM8/getUpdates "HTTP/1.1 200 OK"
2025-12-10 09:10:09,954 - httpx - INFO - HTTP Request: POST https://api.telegram.org/bot8544339435:AAGXINX6kmVW6maPPiyoN9EXeuPQT2vmWM8/getUpdates "HTTP/1.1 200 OK"
2025-12-10 09:10:20,233 - httpx - INFO - HTTP Request: POST https://api.telegram.org/bot8544339435:AAGXINX6kmVW6maPPiyoN9EXeuPQT2vmWM8/getUpdates "HTTP/1.1 200 OK"
2025-12-10 09:10:30,479 - httpx - INFO - HTTP Request: POST https://api.telegram.org/bot8544339435:AAGXINX6kmVW6maPPiyoN9EXeuPQT2vmWM8/getUpdates "HTTP/1.1 200 OK"
2025-12-10 09:10:40,725 - httpx - INFO - HTTP Request: POST https://api.telegram.org/bot8544339435:AAGXINX6kmVW6maPPiyoN9EXeuPQT2vmWM8/getUpdates "HTTP/1.1 200 OK"
2025-12-10 09:10:50,980 - httpx - INFO - HTTP Request: POST https://api.telegram.org/bot8544339435:AAGXINX6kmVW6maPPiyoN9EXeuPQT2vmWM8/getUpdates "HTTP/1.1 200 OK"
2025-12-10 09:11:01,244 - httpx - INFO - HTTP Request: POST https://api.telegram.org/bot8544339435:AAGXINX6kmVW6maPPiyoN9EXeuPQT2vmWM8/getUpdates "HTTP/1.1 200 OK"
2025-12-10 09:11:11,492 - httpx - INFO - HTTP Request: POST https://api.telegram.org/bot8544339435:AAGXINX6kmVW6maPPiyoN9EXeuPQT2vmWM8/getUpdates "HTTP/1.1 200 OK"
2025-12-10 09:11:21,737 - httpx - INFO - HTTP Request: POST https://api.telegram.org/bot8544339435:AAGXINX6kmVW6maPPiyoN9EXeuPQT2vmWM8/getUpdates "HTTP/1.1 200 OK"
2025-12-10 09:11:31,987 - httpx - INFO - HTTP Request: POST https://api.telegram.org/bot8544339435:AAGXINX6kmVW6maPPiyoN9EXeuPQT2vmWM8/getUpdates "HTTP/1.1 200 OK"
2025-12-10 09:11:42,254 - httpx - INFO - HTTP Request: POST https://api.telegram.org/bot8544339435:AAGXINX6kmVW6maPPiyoN9EXeuPQT2vmWM8/getUpdates "HTTP/1.1 200 OK"
2025-12-10 09:11:52,508 - httpx - INFO - HTTP Request: POST https://api.telegram.org/bot8544339435:AAGXINX6kmVW6maPPiyoN9EXeuPQT2vmWM8/getUpdates "HTTP/1.1 200 OK"
2025-12-10 09:12:02,773 - httpx - INFO - HTTP Request: POST https://api.telegram.org/bot8544339435:AAGXINX6kmVW6maPPiyoN9EXeuPQT2vmWM8/getUpdates "HTTP/1.1 200 OK"
2025-12-10 09:12:13,030 - httpx - INFO - HTTP Request: POST https://api.telegram.org/bot8544339435:AAGXINX6kmVW6maPPiyoN9EXeuPQT2vmWM8/getUpdates "HTTP/1.1 200 OK"
2025-12-10 09:12:23,281 - httpx - INFO - HTTP Request: POST https://api.telegram.org/bot8544339435:AAGXINX6kmVW6maPPiyoN9EXeuPQT2vmWM8/getUpdates "HTTP/1.1 200 OK"
2025-12-10 09:12:33,523 - httpx - INFO - HTTP Request: POST https://api.telegram.org/bot8544339435:AAGXINX6kmVW6maPPiyoN9EXeuPQT2vmWM8/getUpdates "HTTP/1.1 200 OK"
2025-12-10 09:12:43,782 - httpx - INFO - HTTP Request: POST https://api.telegram.org/bot8544339435:AAGXINX6kmVW6maPPiyoN9EXeuPQT2vmWM8/getUpdates "HTTP/1.1 200 OK"
2025-12-10 09:12:54,019 - httpx - INFO - HTTP Request: POST https://api.telegram.org/bot8544339435:AAGXINX6kmVW6maPPiyoN9EXeuPQT2vmWM8/getUpdates "HTTP/1.1 200 OK"
2025-12-10 09:13:04,268 - httpx - INFO - HTTP Request: POST https://api.telegram.org/bot8544339435:AAGXINX6kmVW6maPPiyoN9EXeuPQT2vmWM8/getUpdates "HTTP/1.1 200 OK"
2025-12-10 09:13:14,523 - httpx - INFO - HTTP Request: POST https://api.telegram.org/bot8544339435:AAGXINX6kmVW6maPPiyoN9EXeuPQT2vmWM8/getUpdates "HTTP/1.1 200 OK"
2025-12-10 09:13:24,793 - httpx - INFO - HTTP Request: POST https://api.telegram.org/bot8544339435:AAGXINX6kmVW6maPPiyoN9EXeuPQT2vmWM8/getUpdates "HTTP/1.1 200 OK"
2025-12-10 09:13:35,037 - httpx - INFO - HTTP Request: POST https://api.telegram.org/bot8544339435:AAGXINX6kmVW6maPPiyoN9EXeuPQT2vmWM8/getUpdates "HTTP/1.1 200 OK"
2025-12-10 09:13:45,280 - httpx - INFO - HTTP Request: POST https://api.telegram.org/bot8544339435:AAGXINX6kmVW6maPPiyoN9EXeuPQT2vmWM8/getUpdates "HTTP/1.1 200 OK"
2025-12-10 09:13:55,542 - httpx - INFO - HTTP Request: POST https://api.telegram.org/bot8544339435:AAGXINX6kmVW6maPPiyoN9EXeuPQT2vmWM8/getUpdates "HTTP/1.1 200 OK"
2025-12-10 09:14:05,794 - httpx - INFO - HTTP Request: POST https://api.telegram.org/bot8544339435:AAGXINX6kmVW6maPPiyoN9EXeuPQT2vmWM8/getUpdates "HTTP/1.1 200 OK"
2025-12-10 09:14:16,046 - httpx - INFO - HTTP Request: POST https://api.telegram.org/bot8544339435:AAGXINX6kmVW6maPPiyoN9EXeuPQT2vmWM8/getUpdates "HTTP/1.1 200 OK"
2025-12-10 09:14:26,296 - httpx - INFO - HTTP Request: POST https://api.telegram.org/bot8544339435:AAGXINX6kmVW6maPPiyoN9EXeuPQT2vmWM8/getUpdates "HTTP/1.1 200 OK"
2025-12-10 09:14:36,550 - httpx - INFO - HTTP Request: POST https://api.telegram.org/bot8544339435:AAGXINX6kmVW6maPPiyoN9EXeuPQT2vmWM8/getUpdates "HTTP/1.1 200 OK"
2025-12-10 09:14:46,801 - httpx - INFO - HTTP Request: POST https://api.telegram.org/bot8544339435:AAGXINX6kmVW6maPPiyoN9EXeuPQT2vmWM8/getUpdates "HTTP/1.1 200 OK"
2025-12-10 09:14:57,070 - httpx - INFO - HTTP Request: POST https://api.telegram.org/bot8544339435:AAGXINX6kmVW6maPPiyoN9EXeuPQT2vmWM8/getUpdates "HTTP/1.1 200 OK"
2025-12-10 09:15:07,314 - httpx - INFO - HTTP Request: POST https://api.telegram.org/bot8544339435:AAGXINX6kmVW6maPPiyoN9EXeuPQT2vmWM8/getUpdates "HTTP/1.1 200 OK"
2025-12-10 09:15:17,568 - httpx - INFO - HTTP Request: POST https://api.telegram.org/bot8544339435:AAGXINX6kmVW6maPPiyoN9EXeuPQT2vmWM8/getUpdates "HTTP/1.1 200 OK"
2025-12-10 09:15:27,830 - httpx - INFO - HTTP Request: POST https://api.telegram.org/bot8544339435:AAGXINX6kmVW6maPPiyoN9EXeuPQT2vmWM8/getUpdates "HTTP/1.1 200 OK"
2025-12-10 09:15:38,086 - httpx - INFO - HTTP Request: POST https://api.telegram.org/bot8544339435:AAGXINX6kmVW6maPPiyoN9EXeuPQT2vmWM8/getUpdates "HTTP/1.1 200 OK"
2025-12-10 09:15:48,374 - httpx - INFO - HTTP Request: POST https://api.telegram.org/bot8544339435:AAGXINX6kmVW6maPPiyoN9EXeuPQT2vmWM8/getUpdates "HTTP/1.1 200 OK"
2025-12-10 09:15:58,643 - httpx - INFO - HTTP Request: POST https://api.telegram.org/bot8544339435:AAGXINX6kmVW6maPPiyoN9EXeuPQT2vmWM8/getUpdates "HTTP/1.1 200 OK"
2025-12-10 09:16:08,908 - httpx - INFO - HTTP Request: POST https://api.telegram.org/bot8544339435:AAGXINX6kmVW6maPPiyoN9EXeuPQT2vmWM8/getUpdates "HTTP/1.1 200 OK"
2025-12-10 09:16:19,165 - httpx - INFO - HTTP Request: POST https://api.telegram.org/bot8544339435:AAGXINX6kmVW6maPPiyoN9EXeuPQT2vmWM8/getUpdates "HTTP/1.1 200 OK"
2025-12-10 09:16:29,440 - httpx - INFO - HTTP Request: POST https://api.telegram.org/bot8544339435:AAGXINX6kmVW6maPPiyoN9EXeuPQT2vmWM8/getUpdates "HTTP/1.1 200 OK"
2025-12-10 09:16:39,698 - httpx - INFO - HTTP Request: POST https://api.telegram.org/bot8544339435:AAGXINX6kmVW6maPPiyoN9EXeuPQT2vmWM8/getUpdates "HTTP/1.1 200 OK"
2025-12-10 09:16:49,940 - httpx - INFO - HTTP Request: POST https://api.telegram.org/bot8544339435:AAGXINX6kmVW6maPPiyoN9EXeuPQT2vmWM8/getUpdates "HTTP/1.1 200 OK"
2025-12-10 09:17:00,196 - httpx - INFO - HTTP Request: POST https://api.telegram.org/bot8544339435:AAGXINX6kmVW6maPPiyoN9EXeuPQT2vmWM8/getUpdates "HTTP/1.1 200 OK"
2025-12-10 09:17:10,449 - httpx - INFO - HTTP Request: POST https://api.telegram.org/bot8544339435:AAGXINX6kmVW6maPPiyoN9EXeuPQT2vmWM8/getUpdates "HTTP/1.1 200 OK"
2025-12-10 09:17:20,701 - httpx - INFO - HTTP Request: POST https://api.telegram.org/bot8544339435:AAGXINX6kmVW6maPPiyoN9EXeuPQT2vmWM8/getUpdates "HTTP/1.1 200 OK"
2025-12-10 09:17:30,963 - httpx - INFO - HTTP Request: POST https://api.telegram.org/bot8544339435:AAGXINX6kmVW6maPPiyoN9EXeuPQT2vmWM8/getUpdates "HTTP/1.1 200 OK"
2025-12-10 09:17:41,252 - httpx - INFO - HTTP Request: POST https://api.telegram.org/bot8544339435:AAGXINX6kmVW6maPPiyoN9EXeuPQT2vmWM8/getUpdates "HTTP/1.1 200 OK"
2025-12-10 09:17:51,565 - httpx - INFO - HTTP Request: POST https://api.telegram.org/bot8544339435:AAGXINX6kmVW6maPPiyoN9EXeuPQT2vmWM8/getUpdates "HTTP/1.1 200 OK"
2025-12-10 09:18:01,805 - httpx - INFO - HTTP Request: POST https://api.telegram.org/bot8544339435:AAGXINX6kmVW6maPPiyoN9EXeuPQT2vmWM8/getUpdates "HTTP/1.1 200 OK"
2025-12-10 09:18:12,077 - httpx - INFO - HTTP Request: POST https://api.telegram.org/bot8544339435:AAGXINX6kmVW6maPPiyoN9EXeuPQT2vmWM8/getUpdates "HTTP/1.1 200 OK"
2025-12-10 09:18:22,330 - httpx - INFO - HTTP Request: POST https://api.telegram.org/bot8544339435:AAGXINX6kmVW6maPPiyoN9EXeuPQT2vmWM8/getUpdates "HTTP/1.1 200 OK"
2025-12-10 09:18:32,582 - httpx - INFO - HTTP Request: POST https://api.telegram.org/bot8544339435:AAGXINX6kmVW6maPPiyoN9EXeuPQT2vmWM8/getUpdates "HTTP/1.1 200 OK"
2025-12-10 09:18:42,830 - httpx - INFO - HTTP Request: POST https://api.telegram.org/bot8544339435:AAGXINX6kmVW6maPPiyoN9EXeuPQT2vmWM8/getUpdates "HTTP/1.1 200 OK"
2025-12-10 09:18:53,108 - httpx - INFO - HTTP Request: POST https://api.telegram.org/bot8544339435:AAGXINX6kmVW6maPPiyoN9EXeuPQT2vmWM8/getUpdates "HTTP/1.1 200 OK"
2025-12-10 09:19:03,390 - httpx - INFO - HTTP Request: POST https://api.telegram.org/bot8544339435:AAGXINX6kmVW6maPPiyoN9EXeuPQT2vmWM8/getUpdates "HTTP/1.1 200 OK"
2025-12-10 09:19:13,649 - httpx - INFO - HTTP Request: POST https://api.telegram.org/bot8544339435:AAGXINX6kmVW6maPPiyoN9EXeuPQT2vmWM8/getUpdates "HTTP/1.1 200 OK"
2025-12-10 09:19:23,936 - httpx - INFO - HTTP Request: POST https://api.telegram.org/bot8544339435:AAGXINX6kmVW6maPPiyoN9EXeuPQT2vmWM8/getUpdates "HTTP/1.1 200 OK"
2025-12-10 09:19:34,192 - httpx - INFO - HTTP Request: POST https://api.telegram.org/bot8544339435:AAGXINX6kmVW6maPPiyoN9EXeuPQT2vmWM8/getUpdates "HTTP/1.1 200 OK"
2025-12-10 09:19:44,454 - httpx - INFO - HTTP Request: POST https://api.telegram.org/bot8544339435:AAGXINX6kmVW6maPPiyoN9EXeuPQT2vmWM8/getUpdates "HTTP/1.1 200 OK"
2025-12-10 09:19:54,709 - httpx - INFO - HTTP Request: POST https://api.telegram.org/bot8544339435:AAGXINX6kmVW6maPPiyoN9EXeuPQT2vmWM8/getUpdates "HTTP/1.1 200 OK"
2025-12-10 09:20:04,968 - httpx - INFO - HTTP Request: POST https://api.telegram.org/bot8544339435:AAGXINX6kmVW6maPPiyoN9EXeuPQT2vmWM8/getUpdates "HTTP/1.1 200 OK"
2025-12-10 09:20:15,235 - httpx - INFO - HTTP Request: POST https://api.telegram.org/bot8544339435:AAGXINX6kmVW6maPPiyoN9EXeuPQT2vmWM8/getUpdates "HTTP/1.1 200 OK"
2025-12-10 09:20:25,498 - httpx - INFO - HTTP Request: POST https://api.telegram.org/bot8544339435:AAGXINX6kmVW6maPPiyoN9EXeuPQT2vmWM8/getUpdates "HTTP/1.1 200 OK"
2025-12-10 09:20:35,764 - httpx - INFO - HTTP Request: POST https://api.telegram.org/bot8544339435:AAGXINX6kmVW6maPPiyoN9EXeuPQT2vmWM8/getUpdates "HTTP/1.1 200 OK"
2025-12-10 09:20:46,022 - httpx - INFO - HTTP Request: POST https://api.telegram.org/bot8544339435:AAGXINX6kmVW6maPPiyoN9EXeuPQT2vmWM8/getUpdates "HTTP/1.1 200 OK"
2025-12-10 09:20:56,261 - httpx - INFO - HTTP Request: POST https://api.telegram.org/bot8544339435:AAGXINX6kmVW6maPPiyoN9EXeuPQT2vmWM8/getUpdates "HTTP/1.1 200 OK"
2025-12-10 09:21:06,504 - httpx - INFO - HTTP Request: POST https://api.telegram.org/bot8544339435:AAGXINX6kmVW6maPPiyoN9EXeuPQT2vmWM8/getUpdates "HTTP/1.1 200 OK"
2025-12-10 09:21:16,739 - httpx - INFO - HTTP Request: POST https://api.telegram.org/bot8544339435:AAGXINX6kmVW6maPPiyoN9EXeuPQT2vmWM8/getUpdates "HTTP/1.1 200 OK"
2025-12-10 09:21:26,983 - httpx - INFO - HTTP Request: POST https://api.telegram.org/bot8544339435:AAGXINX6kmVW6maPPiyoN9EXeuPQT2vmWM8/getUpdates "HTTP/1.1 200 OK"
2025-12-10 09:21:37,234 - httpx - INFO - HTTP Request: POST https://api.telegram.org/bot8544339435:AAGXINX6kmVW6maPPiyoN9EXeuPQT2vmWM8/getUpdates "HTTP/1.1 200 OK"
2025-12-10 09:21:47,469 - httpx - INFO - HTTP Request: POST https://api.telegram.org/bot8544339435:AAGXINX6kmVW6maPPiyoN9EXeuPQT2vmWM8/getUpdates "HTTP/1.1 200 OK"
2025-12-10 09:21:57,280 - httpx - INFO - HTTP Request: POST https://api.telegram.org/bot8544339435:AAGXINX6kmVW6maPPiyoN9EXeuPQT2vmWM8/getUpdates "HTTP/1.1 200 OK"
2025-12-10 09:21:57,280 - telegram.ext.Application - INFO - Application is stopping. This might take a moment.
2025-12-10 09:21:57,296 - telegram.ext.Application - INFO - Application.stop() complete
2025-12-10 09:22:23,488 - httpx - INFO - HTTP Request: POST https://api.telegram.org/bot8544339435:AAGXINX6kmVW6maPPiyoN9EXeuPQT2vmWM8/getMe "HTTP/1.1 200 OK"
2025-12-10 09:22:23,745 - httpx - INFO - HTTP Request: POST https://api.telegram.org/bot8544339435:AAGXINX6kmVW6maPPiyoN9EXeuPQT2vmWM8/deleteWebhook "HTTP/1.1 200 OK"
2025-12-10 09:22:23,751 - telegram.ext.Application - INFO - Application started
2025-12-10 09:22:34,548 - httpx - INFO - HTTP Request: POST https://api.telegram.org/bot8544339435:AAGXINX6kmVW6maPPiyoN9EXeuPQT2vmWM8/getUpdates "HTTP/1.1 200 OK"
2025-12-10 09:22:44,809 - httpx - INFO - HTTP Request: POST https://api.telegram.org/bot8544339435:AAGXINX6kmVW6maPPiyoN9EXeuPQT2vmWM8/getUpdates "HTTP/1.1 200 OK"
2025-12-10 09:22:55,082 - httpx - INFO - HTTP Request: POST https://api.telegram.org/bot8544339435:AAGXINX6kmVW6maPPiyoN9EXeuPQT2vmWM8/getUpdates "HTTP/1.1 200 OK"
2025-12-10 09:23:05,337 - httpx - INFO - HTTP Request: POST https://api.telegram.org/bot8544339435:AAGXINX6kmVW6maPPiyoN9EXeuPQT2vmWM8/getUpdates "HTTP/1.1 200 OK"
2025-12-10 09:23:15,603 - httpx - INFO - HTTP Request: POST https://api.telegram.org/bot8544339435:AAGXINX6kmVW6maPPiyoN9EXeuPQT2vmWM8/getUpdates "HTTP/1.1 200 OK"
2025-12-10 09:23:25,900 - httpx - INFO - HTTP Request: POST https://api.telegram.org/bot8544339435:AAGXINX6kmVW6maPPiyoN9EXeuPQT2vmWM8/getUpdates "HTTP/1.1 200 OK"
2025-12-10 09:23:36,151 - httpx - INFO - HTTP Request: POST https://api.telegram.org/bot8544339435:AAGXINX6kmVW6maPPiyoN9EXeuPQT2vmWM8/getUpdates "HTTP/1.1 200 OK"
2025-12-10 09:23:46,400 - httpx - INFO - HTTP Request: POST https://api.telegram.org/bot8544339435:AAGXINX6kmVW6maPPiyoN9EXeuPQT2vmWM8/getUpdates "HTTP/1.1 200 OK"
2025-12-10 09:23:56,657 - httpx - INFO - HTTP Request: POST https://api.telegram.org/bot8544339435:AAGXINX6kmVW6maPPiyoN9EXeuPQT2vmWM8/getUpdates "HTTP/1.1 200 OK"
2025-12-10 09:24:06,923 - httpx - INFO - HTTP Request: POST https://api.telegram.org/bot8544339435:AAGXINX6kmVW6maPPiyoN9EXeuPQT2vmWM8/getUpdates "HTTP/1.1 200 OK"
2025-12-10 09:24:17,184 - httpx - INFO - HTTP Request: POST https://api.telegram.org/bot8544339435:AAGXINX6kmVW6maPPiyoN9EXeuPQT2vmWM8/getUpdates "HTTP/1.1 200 OK"
2025-12-10 09:24:27,432 - httpx - INFO - HTTP Request: POST https://api.telegram.org/bot8544339435:AAGXINX6kmVW6maPPiyoN9EXeuPQT2vmWM8/getUpdates "HTTP/1.1 200 OK"
2025-12-10 09:24:37,684 - httpx - INFO - HTTP Request: POST https://api.telegram.org/bot8544339435:AAGXINX6kmVW6maPPiyoN9EXeuPQT2vmWM8/getUpdates "HTTP/1.1 200 OK"
2025-12-10 09:24:47,944 - httpx - INFO - HTTP Request: POST https://api.telegram.org/bot8544339435:AAGXINX6kmVW6maPPiyoN9EXeuPQT2vmWM8/getUpdates "HTTP/1.1 200 OK"
2025-12-10 09:24:58,195 - httpx - INFO - HTTP Request: POST https://api.telegram.org/bot8544339435:AAGXINX6kmVW6maPPiyoN9EXeuPQT2vmWM8/getUpdates "HTTP/1.1 200 OK"
2025-12-10 09:25:08,455 - httpx - INFO - HTTP Request: POST https://api.telegram.org/bot8544339435:AAGXINX6kmVW6maPPiyoN9EXeuPQT2vmWM8/getUpdates "HTTP/1.1 200 OK"
2025-12-10 09:25:18,714 - httpx - INFO - HTTP Request: POST https://api.telegram.org/bot8544339435:AAGXINX6kmVW6maPPiyoN9EXeuPQT2vmWM8/getUpdates "HTTP/1.1 200 OK"
2025-12-10 09:25:28,973 - httpx - INFO - HTTP Request: POST https://api.telegram.org/bot8544339435:AAGXINX6kmVW6maPPiyoN9EXeuPQT2vmWM8/getUpdates "HTTP/1.1 200 OK"
2025-12-10 09:25:33,816 - httpx - INFO - HTTP Request: POST https://api.telegram.org/bot8544339435:AAGXINX6kmVW6maPPiyoN9EXeuPQT2vmWM8/getUpdates "HTTP/1.1 200 OK"
2025-12-10 09:25:34,772 - httpx - INFO - HTTP Request: POST https://api.telegram.org/bot8544339435:AAGXINX6kmVW6maPPiyoN9EXeuPQT2vmWM8/sendMessage "HTTP/1.1 200 OK"
2025-12-10 09:25:38,175 - httpx - INFO - HTTP Request: POST https://api.telegram.org/bot8544339435:AAGXINX6kmVW6maPPiyoN9EXeuPQT2vmWM8/getUpdates "HTTP/1.1 200 OK"
2025-12-10 09:25:48,442 - httpx - INFO - HTTP Request: POST https://api.telegram.org/bot8544339435:AAGXINX6kmVW6maPPiyoN9EXeuPQT2vmWM8/getUpdates "HTTP/1.1 200 OK"
2025-12-10 09:25:48,991 - httpx - INFO - HTTP Request: POST https://api.telegram.org/bot8544339435:AAGXINX6kmVW6maPPiyoN9EXeuPQT2vmWM8/getUpdates "HTTP/1.1 200 OK"
2025-12-10 09:25:59,265 - httpx - INFO - HTTP Request: POST https://api.telegram.org/bot8544339435:AAGXINX6kmVW6maPPiyoN9EXeuPQT2vmWM8/getUpdates "HTTP/1.1 200 OK"
2025-12-10 09:26:09,511 - httpx - INFO - HTTP Request: POST https://api.telegram.org/bot8544339435:AAGXINX6kmVW6maPPiyoN9EXeuPQT2vmWM8/getUpdates "HTTP/1.1 200 OK"
2025-12-10 09:26:13,481 - httpx - INFO - HTTP Request: POST https://api.telegram.org/bot8544339435:AAGXINX6kmVW6maPPiyoN9EXeuPQT2vmWM8/getUpdates "HTTP/1.1 200 OK"
2025-12-10 09:26:22,998 - httpx - INFO - HTTP Request: POST https://api.telegram.org/bot8544339435:AAGXINX6kmVW6maPPiyoN9EXeuPQT2vmWM8/getUpdates "HTTP/1.1 200 OK"
2025-12-10 09:26:23,972 - httpx - INFO - HTTP Request: POST https://api.telegram.org/bot8544339435:AAGXINX6kmVW6maPPiyoN9EXeuPQT2vmWM8/sendMessage "HTTP/1.1 200 OK"
2025-12-10 09:26:33,260 - httpx - INFO - HTTP Request: POST https://api.telegram.org/bot8544339435:AAGXINX6kmVW6maPPiyoN9EXeuPQT2vmWM8/getUpdates "HTTP/1.1 200 OK"
2025-12-10 09:26:36,985 - httpx - INFO - HTTP Request: POST https://api.telegram.org/bot8544339435:AAGXINX6kmVW6maPPiyoN9EXeuPQT2vmWM8/getUpdates "HTTP/1.1 200 OK"
2025-12-10 09:26:40,798 - httpx - INFO - HTTP Request: POST https://api.telegram.org/bot8544339435:AAGXINX6kmVW6maPPiyoN9EXeuPQT2vmWM8/getUpdates "HTTP/1.1 200 OK"
2025-12-10 09:26:51,060 - httpx - INFO - HTTP Request: POST https://api.telegram.org/bot8544339435:AAGXINX6kmVW6maPPiyoN9EXeuPQT2vmWM8/getUpdates "HTTP/1.1 200 OK"
2025-12-10 09:27:01,328 - httpx - INFO - HTTP Request: POST https://api.telegram.org/bot8544339435:AAGXINX6kmVW6maPPiyoN9EXeuPQT2vmWM8/getUpdates "HTTP/1.1 200 OK"
2025-12-10 09:27:11,588 - httpx - INFO - HTTP Request: POST https://api.telegram.org/bot8544339435:AAGXINX6kmVW6maPPiyoN9EXeuPQT2vmWM8/getUpdates "HTTP/1.1 200 OK"
2025-12-10 09:27:21,840 - httpx - INFO - HTTP Request: POST https://api.telegram.org/bot8544339435:AAGXINX6kmVW6maPPiyoN9EXeuPQT2vmWM8/getUpdates "HTTP/1.1 200 OK"
2025-12-10 09:27:32,088 - httpx - INFO - HTTP Request: POST https://api.telegram.org/bot8544339435:AAGXINX6kmVW6maPPiyoN9EXeuPQT2vmWM8/getUpdates "HTTP/1.1 200 OK"
2025-12-10 09:27:42,347 - httpx - INFO - HTTP Request: POST https://api.telegram.org/bot8544339435:AAGXINX6kmVW6maPPiyoN9EXeuPQT2vmWM8/getUpdates "HTTP/1.1 200 OK"
2025-12-10 09:27:52,593 - httpx - INFO - HTTP Request: POST https://api.telegram.org/bot8544339435:AAGXINX6kmVW6maPPiyoN9EXeuPQT2vmWM8/getUpdates "HTTP/1.1 200 OK"
2025-12-10 09:28:02,867 - httpx - INFO - HTTP Request: POST https://api.telegram.org/bot8544339435:AAGXINX6kmVW6maPPiyoN9EXeuPQT2vmWM8/getUpdates "HTTP/1.1 200 OK"
2025-12-10 09:28:13,121 - httpx - INFO - HTTP Request: POST https://api.telegram.org/bot8544339435:AAGXINX6kmVW6maPPiyoN9EXeuPQT2vmWM8/getUpdates "HTTP/1.1 200 OK"
2025-12-10 09:28:23,383 - httpx - INFO - HTTP Request: POST https://api.telegram.org/bot8544339435:AAGXINX6kmVW6maPPiyoN9EXeuPQT2vmWM8/getUpdates "HTTP/1.1 200 OK"
2025-12-10 09:28:33,640 - httpx - INFO - HTTP Request: POST https://api.telegram.org/bot8544339435:AAGXINX6kmVW6maPPiyoN9EXeuPQT2vmWM8/getUpdates "HTTP/1.1 200 OK"
2025-12-10 09:28:43,926 - httpx - INFO - HTTP Request: POST https://api.telegram.org/bot8544339435:AAGXINX6kmVW6maPPiyoN9EXeuPQT2vmWM8/getUpdates "HTTP/1.1 200 OK"
2025-12-10 09:28:54,193 - httpx - INFO - HTTP Request: POST https://api.telegram.org/bot8544339435:AAGXINX6kmVW6maPPiyoN9EXeuPQT2vmWM8/getUpdates "HTTP/1.1 200 OK"
2025-12-10 09:29:04,453 - httpx - INFO - HTTP Request: POST https://api.telegram.org/bot8544339435:AAGXINX6kmVW6maPPiyoN9EXeuPQT2vmWM8/getUpdates "HTTP/1.1 200 OK"
2025-12-10 09:29:15,149 - httpx - INFO - HTTP Request: POST https://api.telegram.org/bot8544339435:AAGXINX6kmVW6maPPiyoN9EXeuPQT2vmWM8/getUpdates "HTTP/1.1 200 OK"
2025-12-10 09:29:25,422 - httpx - INFO - HTTP Request: POST https://api.telegram.org/bot8544339435:AAGXINX6kmVW6maPPiyoN9EXeuPQT2vmWM8/getUpdates "HTTP/1.1 200 OK"
2025-12-10 09:29:35,680 - httpx - INFO - HTTP Request: POST https://api.telegram.org/bot8544339435:AAGXINX6kmVW6maPPiyoN9EXeuPQT2vmWM8/getUpdates "HTTP/1.1 200 OK"
2025-12-10 09:29:45,931 - httpx - INFO - HTTP Request: POST https://api.telegram.org/bot8544339435:AAGXINX6kmVW6maPPiyoN9EXeuPQT2vmWM8/getUpdates "HTTP/1.1 200 OK"
2025-12-10 09:29:56,247 - httpx - INFO - HTTP Request: POST https://api.telegram.org/bot8544339435:AAGXINX6kmVW6maPPiyoN9EXeuPQT2vmWM8/getUpdates "HTTP/1.1 200 OK"
2025-12-10 09:30:06,677 - httpx - INFO - HTTP Request: POST https://api.telegram.org/bot8544339435:AAGXINX6kmVW6maPPiyoN9EXeuPQT2vmWM8/getUpdates "HTTP/1.1 200 OK"
2025-12-10 09:30:16,947 - httpx - INFO - HTTP Request: POST https://api.telegram.org/bot8544339435:AAGXINX6kmVW6maPPiyoN9EXeuPQT2vmWM8/getUpdates "HTTP/1.1 200 OK"
2025-12-10 09:30:27,204 - httpx - INFO - HTTP Request: POST https://api.telegram.org/bot8544339435:AAGXINX6kmVW6maPPiyoN9EXeuPQT2vmWM8/getUpdates "HTTP/1.1 200 OK"
2025-12-10 09:30:37,484 - httpx - INFO - HTTP Request: POST https://api.telegram.org/bot8544339435:AAGXINX6kmVW6maPPiyoN9EXeuPQT2vmWM8/getUpdates "HTTP/1.1 200 OK"
2025-12-10 09:30:47,731 - httpx - INFO - HTTP Request: POST https://api.telegram.org/bot8544339435:AAGXINX6kmVW6maPPiyoN9EXeuPQT2vmWM8/getUpdates "HTTP/1.1 200 OK"
2025-12-10 09:30:58,006 - httpx - INFO - HTTP Request: POST https://api.telegram.org/bot8544339435:AAGXINX6kmVW6maPPiyoN9EXeuPQT2vmWM8/getUpdates "HTTP/1.1 200 OK"
2025-12-10 09:31:08,254 - httpx - INFO - HTTP Request: POST https://api.telegram.org/bot8544339435:AAGXINX6kmVW6maPPiyoN9EXeuPQT2vmWM8/getUpdates "HTTP/1.1 200 OK"
2025-12-10 09:31:18,526 - httpx - INFO - HTTP Request: POST https://api.telegram.org/bot8544339435:AAGXINX6kmVW6maPPiyoN9EXeuPQT2vmWM8/getUpdates "HTTP/1.1 200 OK"
2025-12-10 09:31:28,795 - httpx - INFO - HTTP Request: POST https://api.telegram.org/bot8544339435:AAGXINX6kmVW6maPPiyoN9EXeuPQT2vmWM8/getUpdates "HTTP/1.1 200 OK"
2025-12-10 09:31:39,056 - httpx - INFO - HTTP Request: POST https://api.telegram.org/bot8544339435:AAGXINX6kmVW6maPPiyoN9EXeuPQT2vmWM8/getUpdates "HTTP/1.1 200 OK"
2025-12-10 09:31:49,309 - httpx - INFO - HTTP Request: POST https://api.telegram.org/bot8544339435:AAGXINX6kmVW6maPPiyoN9EXeuPQT2vmWM8/getUpdates "HTTP/1.1 200 OK"
2025-12-10 09:31:59,577 - httpx - INFO - HTTP Request: POST https://api.telegram.org/bot8544339435:AAGXINX6kmVW6maPPiyoN9EXeuPQT2vmWM8/getUpdates "HTTP/1.1 200 OK"
2025-12-10 09:32:09,830 - httpx - INFO - HTTP Request: POST https://api.telegram.org/bot8544339435:AAGXINX6kmVW6maPPiyoN9EXeuPQT2vmWM8/getUpdates "HTTP/1.1 200 OK"
2025-12-10 09:32:20,106 - httpx - INFO - HTTP Request: POST https://api.telegram.org/bot8544339435:AAGXINX6kmVW6maPPiyoN9EXeuPQT2vmWM8/getUpdates "HTTP/1.1 200 OK"
2025-12-10 09:32:30,357 - httpx - INFO - HTTP Request: POST https://api.telegram.org/bot8544339435:AAGXINX6kmVW6maPPiyoN9EXeuPQT2vmWM8/getUpdates "HTTP/1.1 200 OK"
2025-12-10 09:32:40,635 - httpx - INFO - HTTP Request: POST https://api.telegram.org/bot8544339435:AAGXINX6kmVW6maPPiyoN9EXeuPQT2vmWM8/getUpdates "HTTP/1.1 200 OK"
2025-12-10 09:32:50,908 - httpx - INFO - HTTP Request: POST https://api.telegram.org/bot8544339435:AAGXINX6kmVW6maPPiyoN9EXeuPQT2vmWM8/getUpdates "HTTP/1.1 200 OK"
2025-12-10 09:33:01,236 - httpx - INFO - HTTP Request: POST https://api.telegram.org/bot8544339435:AAGXINX6kmVW6maPPiyoN9EXeuPQT2vmWM8/getUpdates "HTTP/1.1 200 OK"
2025-12-10 09:33:11,485 - httpx - INFO - HTTP Request: POST https://api.telegram.org/bot8544339435:AAGXINX6kmVW6maPPiyoN9EXeuPQT2vmWM8/getUpdates "HTTP/1.1 200 OK"
2025-12-10 09:33:21,730 - httpx - INFO - HTTP Request: POST https://api.telegram.org/bot8544339435:AAGXINX6kmVW6maPPiyoN9EXeuPQT2vmWM8/getUpdates "HTTP/1.1 200 OK"
2025-12-10 09:33:31,978 - httpx - INFO - HTTP Request: POST https://api.telegram.org/bot8544339435:AAGXINX6kmVW6maPPiyoN9EXeuPQT2vmWM8/getUpdates "HTTP/1.1 200 OK"
2025-12-10 09:33:42,220 - httpx - INFO - HTTP Request: POST https://api.telegram.org/bot8544339435:AAGXINX6kmVW6maPPiyoN9EXeuPQT2vmWM8/getUpdates "HTTP/1.1 200 OK"
2025-12-10 09:33:52,489 - httpx - INFO - HTTP Request: POST https://api.telegram.org/bot8544339435:AAGXINX6kmVW6maPPiyoN9EXeuPQT2vmWM8/getUpdates "HTTP/1.1 200 OK"
2025-12-10 09:34:02,731 - httpx - INFO - HTTP Request: POST https://api.telegram.org/bot8544339435:AAGXINX6kmVW6maPPiyoN9EXeuPQT2vmWM8/getUpdates "HTTP/1.1 200 OK"
2025-12-10 09:34:12,988 - httpx - INFO - HTTP Request: POST https://api.telegram.org/bot8544339435:AAGXINX6kmVW6maPPiyoN9EXeuPQT2vmWM8/getUpdates "HTTP/1.1 200 OK"
2025-12-10 09:34:23,259 - httpx - INFO - HTTP Request: POST https://api.telegram.org/bot8544339435:AAGXINX6kmVW6maPPiyoN9EXeuPQT2vmWM8/getUpdates "HTTP/1.1 200 OK"
2025-12-10 09:34:33,518 - httpx - INFO - HTTP Request: POST https://api.telegram.org/bot8544339435:AAGXINX6kmVW6maPPiyoN9EXeuPQT2vmWM8/getUpdates "HTTP/1.1 200 OK"
2025-12-10 09:34:43,781 - httpx - INFO - HTTP Request: POST https://api.telegram.org/bot8544339435:AAGXINX6kmVW6maPPiyoN9EXeuPQT2vmWM8/getUpdates "HTTP/1.1 200 OK"
2025-12-10 09:34:54,041 - httpx - INFO - HTTP Request: POST https://api.telegram.org/bot8544339435:AAGXINX6kmVW6maPPiyoN9EXeuPQT2vmWM8/getUpdates "HTTP/1.1 200 OK"
2025-12-10 09:35:04,303 - httpx - INFO - HTTP Request: POST https://api.telegram.org/bot8544339435:AAGXINX6kmVW6maPPiyoN9EXeuPQT2vmWM8/getUpdates "HTTP/1.1 200 OK"
2025-12-10 09:35:14,552 - httpx - INFO - HTTP Request: POST https://api.telegram.org/bot8544339435:AAGXINX6kmVW6maPPiyoN9EXeuPQT2vmWM8/getUpdates "HTTP/1.1 200 OK"
2025-12-10 09:35:24,824 - httpx - INFO - HTTP Request: POST https://api.telegram.org/bot8544339435:AAGXINX6kmVW6maPPiyoN9EXeuPQT2vmWM8/getUpdates "HTTP/1.1 200 OK"
2025-12-10 09:35:35,115 - httpx - INFO - HTTP Request: POST https://api.telegram.org/bot8544339435:AAGXINX6kmVW6maPPiyoN9EXeuPQT2vmWM8/getUpdates "HTTP/1.1 200 OK"
2025-12-10 09:35:45,372 - httpx - INFO - HTTP Request: POST https://api.telegram.org/bot8544339435:AAGXINX6kmVW6maPPiyoN9EXeuPQT2vmWM8/getUpdates "HTTP/1.1 200 OK"
2025-12-10 09:35:55,623 - httpx - INFO - HTTP Request: POST https://api.telegram.org/bot8544339435:AAGXINX6kmVW6maPPiyoN9EXeuPQT2vmWM8/getUpdates "HTTP/1.1 200 OK"
2025-12-10 09:36:05,875 - httpx - INFO - HTTP Request: POST https://api.telegram.org/bot8544339435:AAGXINX6kmVW6maPPiyoN9EXeuPQT2vmWM8/getUpdates "HTTP/1.1 200 OK"
2025-12-10 09:36:16,131 - httpx - INFO - HTTP Request: POST https://api.telegram.org/bot8544339435:AAGXINX6kmVW6maPPiyoN9EXeuPQT2vmWM8/getUpdates "HTTP/1.1 200 OK"
2025-12-10 09:36:26,395 - httpx - INFO - HTTP Request: POST https://api.telegram.org/bot8544339435:AAGXINX6kmVW6maPPiyoN9EXeuPQT2vmWM8/getUpdates "HTTP/1.1 200 OK"
2025-12-10 09:36:36,648 - httpx - INFO - HTTP Request: POST https://api.telegram.org/bot8544339435:AAGXINX6kmVW6maPPiyoN9EXeuPQT2vmWM8/getUpdates "HTTP/1.1 200 OK"
2025-12-10 09:36:46,895 - httpx - INFO - HTTP Request: POST https://api.telegram.org/bot8544339435:AAGXINX6kmVW6maPPiyoN9EXeuPQT2vmWM8/getUpdates "HTTP/1.1 200 OK"
2025-12-10 09:36:57,147 - httpx - INFO - HTTP Request: POST https://api.telegram.org/bot8544339435:AAGXINX6kmVW6maPPiyoN9EXeuPQT2vmWM8/getUpdates "HTTP/1.1 200 OK"
2025-12-10 09:37:07,418 - httpx - INFO - HTTP Request: POST https://api.telegram.org/bot8544339435:AAGXINX6kmVW6maPPiyoN9EXeuPQT2vmWM8/getUpdates "HTTP/1.1 200 OK"
2025-12-10 09:37:17,677 - httpx - INFO - HTTP Request: POST https://api.telegram.org/bot8544339435:AAGXINX6kmVW6maPPiyoN9EXeuPQT2vmWM8/getUpdates "HTTP/1.1 200 OK"
2025-12-10 09:37:27,933 - httpx - INFO - HTTP Request: POST https://api.telegram.org/bot8544339435:AAGXINX6kmVW6maPPiyoN9EXeuPQT2vmWM8/getUpdates "HTTP/1.1 200 OK"
2025-12-10 09:37:38,202 - httpx - INFO - HTTP Request: POST https://api.telegram.org/bot8544339435:AAGXINX6kmVW6maPPiyoN9EXeuPQT2vmWM8/getUpdates "HTTP/1.1 200 OK"
2025-12-10 09:37:48,467 - httpx - INFO - HTTP Request: POST https://api.telegram.org/bot8544339435:AAGXINX6kmVW6maPPiyoN9EXeuPQT2vmWM8/getUpdates "HTTP/1.1 200 OK"
2025-12-10 09:37:58,713 - httpx - INFO - HTTP Request: POST https://api.telegram.org/bot8544339435:AAGXINX6kmVW6maPPiyoN9EXeuPQT2vmWM8/getUpdates "HTTP/1.1 200 OK"
2025-12-10 09:38:08,977 - httpx - INFO - HTTP Request: POST https://api.telegram.org/bot8544339435:AAGXINX6kmVW6maPPiyoN9EXeuPQT2vmWM8/getUpdates "HTTP/1.1 200 OK"
2025-12-10 09:38:19,234 - httpx - INFO - HTTP Request: POST https://api.telegram.org/bot8544339435:AAGXINX6kmVW6maPPiyoN9EXeuPQT2vmWM8/getUpdates "HTTP/1.1 200 OK"
2025-12-10 09:38:29,488 - httpx - INFO - HTTP Request: POST https://api.telegram.org/bot8544339435:AAGXINX6kmVW6maPPiyoN9EXeuPQT2vmWM8/getUpdates "HTTP/1.1 200 OK"
2025-12-10 09:38:39,747 - httpx - INFO - HTTP Request: POST https://api.telegram.org/bot8544339435:AAGXINX6kmVW6maPPiyoN9EXeuPQT2vmWM8/getUpdates "HTTP/1.1 200 OK"
2025-12-10 09:38:50,051 - httpx - INFO - HTTP Request: POST https://api.telegram.org/bot8544339435:AAGXINX6kmVW6maPPiyoN9EXeuPQT2vmWM8/getUpdates "HTTP/1.1 200 OK"
2025-12-10 09:39:00,878 - httpx - INFO - HTTP Request: POST https://api.telegram.org/bot8544339435:AAGXINX6kmVW6maPPiyoN9EXeuPQT2vmWM8/getUpdates "HTTP/1.1 200 OK"
2025-12-10 09:39:11,119 - httpx - INFO - HTTP Request: POST https://api.telegram.org/bot8544339435:AAGXINX6kmVW6maPPiyoN9EXeuPQT2vmWM8/getUpdates "HTTP/1.1 200 OK"
2025-12-10 09:39:21,356 - httpx - INFO - HTTP Request: POST https://api.telegram.org/bot8544339435:AAGXINX6kmVW6maPPiyoN9EXeuPQT2vmWM8/getUpdates "HTTP/1.1 200 OK"
2025-12-10 09:39:31,602 - httpx - INFO - HTTP Request: POST https://api.telegram.org/bot8544339435:AAGXINX6kmVW6maPPiyoN9EXeuPQT2vmWM8/getUpdates "HTTP/1.1 200 OK"
2025-12-10 09:39:41,847 - httpx - INFO - HTTP Request: POST https://api.telegram.org/bot8544339435:AAGXINX6kmVW6maPPiyoN9EXeuPQT2vmWM8/getUpdates "HTTP/1.1 200 OK"
2025-12-10 09:39:52,100 - httpx - INFO - HTTP Request: POST https://api.telegram.org/bot8544339435:AAGXINX6kmVW6maPPiyoN9EXeuPQT2vmWM8/getUpdates "HTTP/1.1 200 OK"
2025-12-10 09:40:02,364 - httpx - INFO - HTTP Request: POST https://api.telegram.org/bot8544339435:AAGXINX6kmVW6maPPiyoN9EXeuPQT2vmWM8/getUpdates "HTTP/1.1 200 OK"
2025-12-10 09:40:12,634 - httpx - INFO - HTTP Request: POST https://api.telegram.org/bot8544339435:AAGXINX6kmVW6maPPiyoN9EXeuPQT2vmWM8/getUpdates "HTTP/1.1 200 OK"
2025-12-10 09:40:22,896 - httpx - INFO - HTTP Request: POST https://api.telegram.org/bot8544339435:AAGXINX6kmVW6maPPiyoN9EXeuPQT2vmWM8/getUpdates "HTTP/1.1 200 OK"
2025-12-10 09:40:33,147 - httpx - INFO - HTTP Request: POST https://api.telegram.org/bot8544339435:AAGXINX6kmVW6maPPiyoN9EXeuPQT2vmWM8/getUpdates "HTTP/1.1 200 OK"
2025-12-10 09:40:43,404 - httpx - INFO - HTTP Request: POST https://api.telegram.org/bot8544339435:AAGXINX6kmVW6maPPiyoN9EXeuPQT2vmWM8/getUpdates "HTTP/1.1 200 OK"
2025-12-10 09:40:53,655 - httpx - INFO - HTTP Request: POST https://api.telegram.org/bot8544339435:AAGXINX6kmVW6maPPiyoN9EXeuPQT2vmWM8/getUpdates "HTTP/1.1 200 OK"
2025-12-10 09:41:03,905 - httpx - INFO - HTTP Request: POST https://api.telegram.org/bot8544339435:AAGXINX6kmVW6maPPiyoN9EXeuPQT2vmWM8/getUpdates "HTTP/1.1 200 OK"
2025-12-10 09:41:14,168 - httpx - INFO - HTTP Request: POST https://api.telegram.org/bot8544339435:AAGXINX6kmVW6maPPiyoN9EXeuPQT2vmWM8/getUpdates "HTTP/1.1 200 OK"
2025-12-10 09:41:24,450 - httpx - INFO - HTTP Request: POST https://api.telegram.org/bot8544339435:AAGXINX6kmVW6maPPiyoN9EXeuPQT2vmWM8/getUpdates "HTTP/1.1 200 OK"
2025-12-10 09:41:34,697 - httpx - INFO - HTTP Request: POST https://api.telegram.org/bot8544339435:AAGXINX6kmVW6maPPiyoN9EXeuPQT2vmWM8/getUpdates "HTTP/1.1 200 OK"
2025-12-10 09:41:44,969 - httpx - INFO - HTTP Request: POST https://api.telegram.org/bot8544339435:AAGXINX6kmVW6maPPiyoN9EXeuPQT2vmWM8/getUpdates "HTTP/1.1 200 OK"
2025-12-10 09:41:55,214 - httpx - INFO - HTTP Request: POST https://api.telegram.org/bot8544339435:AAGXINX6kmVW6maPPiyoN9EXeuPQT2vmWM8/getUpdates "HTTP/1.1 200 OK"
2025-12-10 09:42:05,459 - httpx - INFO - HTTP Request: POST https://api.telegram.org/bot8544339435:AAGXINX6kmVW6maPPiyoN9EXeuPQT2vmWM8/getUpdates "HTTP/1.1 200 OK"
2025-12-10 09:42:15,730 - httpx - INFO - HTTP Request: POST https://api.telegram.org/bot8544339435:AAGXINX6kmVW6maPPiyoN9EXeuPQT2vmWM8/getUpdates "HTTP/1.1 200 OK"
2025-12-10 09:42:25,981 - httpx - INFO - HTTP Request: POST https://api.telegram.org/bot8544339435:AAGXINX6kmVW6maPPiyoN9EXeuPQT2vmWM8/getUpdates "HTTP/1.1 200 OK"
2025-12-10 09:42:36,229 - httpx - INFO - HTTP Request: POST https://api.telegram.org/bot8544339435:AAGXINX6kmVW6maPPiyoN9EXeuPQT2vmWM8/getUpdates "HTTP/1.1 200 OK"
2025-12-10 09:42:46,483 - httpx - INFO - HTTP Request: POST https://api.telegram.org/bot8544339435:AAGXINX6kmVW6maPPiyoN9EXeuPQT2vmWM8/getUpdates "HTTP/1.1 200 OK"
2025-12-10 09:42:56,730 - httpx - INFO - HTTP Request: POST https://api.telegram.org/bot8544339435:AAGXINX6kmVW6maPPiyoN9EXeuPQT2vmWM8/getUpdates "HTTP/1.1 200 OK"
2025-12-10 09:43:06,983 - httpx - INFO - HTTP Request: POST https://api.telegram.org/bot8544339435:AAGXINX6kmVW6maPPiyoN9EXeuPQT2vmWM8/getUpdates "HTTP/1.1 200 OK"
2025-12-10 09:43:17,225 - httpx - INFO - HTTP Request: POST https://api.telegram.org/bot8544339435:AAGXINX6kmVW6maPPiyoN9EXeuPQT2vmWM8/getUpdates "HTTP/1.1 200 OK"
2025-12-10 09:43:27,495 - httpx - INFO - HTTP Request: POST https://api.telegram.org/bot8544339435:AAGXINX6kmVW6maPPiyoN9EXeuPQT2vmWM8/getUpdates "HTTP/1.1 200 OK"
2025-12-10 09:43:37,754 - httpx - INFO - HTTP Request: POST https://api.telegram.org/bot8544339435:AAGXINX6kmVW6maPPiyoN9EXeuPQT2vmWM8/getUpdates "HTTP/1.1 200 OK"
2025-12-10 09:43:48,011 - httpx - INFO - HTTP Request: POST https://api.telegram.org/bot8544339435:AAGXINX6kmVW6maPPiyoN9EXeuPQT2vmWM8/getUpdates "HTTP/1.1 200 OK"
2025-12-10 09:43:58,261 - httpx - INFO - HTTP Request: POST https://api.telegram.org/bot8544339435:AAGXINX6kmVW6maPPiyoN9EXeuPQT2vmWM8/getUpdates "HTTP/1.1 200 OK"
2025-12-10 09:44:08,528 - httpx - INFO - HTTP Request: POST https://api.telegram.org/bot8544339435:AAGXINX6kmVW6maPPiyoN9EXeuPQT2vmWM8/getUpdates "HTTP/1.1 200 OK"
2025-12-10 09:44:18,779 - httpx - INFO - HTTP Request: POST https://api.telegram.org/bot8544339435:AAGXINX6kmVW6maPPiyoN9EXeuPQT2vmWM8/getUpdates "HTTP/1.1 200 OK"
2025-12-10 09:44:29,045 - httpx - INFO - HTTP Request: POST https://api.telegram.org/bot8544339435:AAGXINX6kmVW6maPPiyoN9EXeuPQT2vmWM8/getUpdates "HTTP/1.1 200 OK"
2025-12-10 09:44:39,280 - httpx - INFO - HTTP Request: POST https://api.telegram.org/bot8544339435:AAGXINX6kmVW6maPPiyoN9EXeuPQT2vmWM8/getUpdates "HTTP/1.1 200 OK"
2025-12-10 09:44:49,535 - httpx - INFO - HTTP Request: POST https://api.telegram.org/bot8544339435:AAGXINX6kmVW6maPPiyoN9EXeuPQT2vmWM8/getUpdates "HTTP/1.1 200 OK"
2025-12-10 09:44:59,778 - httpx - INFO - HTTP Request: POST https://api.telegram.org/bot8544339435:AAGXINX6kmVW6maPPiyoN9EXeuPQT2vmWM8/getUpdates "HTTP/1.1 200 OK"
2025-12-10 09:45:10,018 - httpx - INFO - HTTP Request: POST https://api.telegram.org/bot8544339435:AAGXINX6kmVW6maPPiyoN9EXeuPQT2vmWM8/getUpdates "HTTP/1.1 200 OK"
2025-12-10 09:45:20,280 - httpx - INFO - HTTP Request: POST https://api.telegram.org/bot8544339435:AAGXINX6kmVW6maPPiyoN9EXeuPQT2vmWM8/getUpdates "HTTP/1.1 200 OK"
2025-12-10 09:45:30,543 - httpx - INFO - HTTP Request: POST https://api.telegram.org/bot8544339435:AAGXINX6kmVW6maPPiyoN9EXeuPQT2vmWM8/getUpdates "HTTP/1.1 200 OK"
2025-12-10 09:45:40,781 - httpx - INFO - HTTP Request: POST https://api.telegram.org/bot8544339435:AAGXINX6kmVW6maPPiyoN9EXeuPQT2vmWM8/getUpdates "HTTP/1.1 200 OK"
2025-12-10 09:45:51,055 - httpx - INFO - HTTP Request: POST https://api.telegram.org/bot8544339435:AAGXINX6kmVW6maPPiyoN9EXeuPQT2vmWM8/getUpdates "HTTP/1.1 200 OK"
2025-12-10 09:46:01,297 - httpx - INFO - HTTP Request: POST https://api.telegram.org/bot8544339435:AAGXINX6kmVW6maPPiyoN9EXeuPQT2vmWM8/getUpdates "HTTP/1.1 200 OK"
2025-12-10 09:46:07,194 - httpx - INFO - HTTP Request: POST https://api.telegram.org/bot8544339435:AAGXINX6kmVW6maPPiyoN9EXeuPQT2vmWM8/getUpdates "HTTP/1.1 200 OK"
2025-12-10 09:46:07,195 - telegram.ext.Application - INFO - Application is stopping. This might take a moment.
2025-12-10 09:46:07,195 - telegram.ext.Application - INFO - Application.stop() complete
